[INFO] [2016-05-27 10:54:02][org.springframework.test.context.support.DefaultTestContextBootstrapper]Loaded default TestExecutionListener class names from location [META-INF/spring.factories]: [org.springframework.test.context.web.ServletTestExecutionListener, org.springframework.test.context.support.DirtiesContextBeforeModesTestExecutionListener, org.springframework.test.context.support.DependencyInjectionTestExecutionListener, org.springframework.test.context.support.DirtiesContextTestExecutionListener, org.springframework.test.context.transaction.TransactionalTestExecutionListener, org.springframework.test.context.jdbc.SqlScriptsTestExecutionListener]
[INFO] [2016-05-27 10:54:02][org.springframework.test.context.support.DefaultTestContextBootstrapper]Using TestExecutionListeners: [org.springframework.test.context.web.ServletTestExecutionListener@5622fdf, org.springframework.test.context.support.DirtiesContextBeforeModesTestExecutionListener@4883b407, org.springframework.test.context.support.DependencyInjectionTestExecutionListener@7d9d1a19, org.springframework.test.context.support.DirtiesContextTestExecutionListener@39c0f4a, org.springframework.test.context.transaction.TransactionalTestExecutionListener@1794d431, org.springframework.test.context.jdbc.SqlScriptsTestExecutionListener@42e26948]
[INFO] [2016-05-27 10:54:03][org.springframework.beans.factory.xml.XmlBeanDefinitionReader]Loading XML bean definitions from class path resource [spring-mybatis.xml]
[INFO] [2016-05-27 10:54:03][org.springframework.context.support.GenericApplicationContext]Refreshing org.springframework.context.support.GenericApplicationContext@6536e911: startup date [Fri May 27 10:54:03 GMT+08:00 2016]; root of context hierarchy
[INFO] [2016-05-27 10:54:03][org.springframework.beans.factory.config.PropertyPlaceholderConfigurer]Loading properties file from class path resource [jdbc.properties]
[INFO] [2016-05-27 10:54:03][org.springframework.beans.factory.annotation.AutowiredAnnotationBeanPostProcessor]JSR-330 'javax.inject.Inject' annotation found and supported for autowiring
[INFO] [2016-05-27 10:54:04][com.hyj.dao.PostMapperTest]hahah
[INFO] [2016-05-27 10:54:04][com.zaxxer.hikari.HikariDataSource]HikariPool-1 - Started.
[INFO] [2016-05-27 10:54:05][com.hyj.dao.PostMapperTest][{"createTime":1464317480000,"creatorId":3,"id":1,"modifyTime":1464317482000,"tag":1,"title":"没有女朋友是一种怎样的体验"}]
[INFO] [2016-05-27 10:54:05][org.springframework.context.support.GenericApplicationContext]Closing org.springframework.context.support.GenericApplicationContext@6536e911: startup date [Fri May 27 10:54:03 GMT+08:00 2016]; root of context hierarchy
[INFO] [2016-05-27 10:54:05][com.zaxxer.hikari.pool.HikariPool]HikariPool-1 - Close initiated...
[INFO] [2016-05-27 10:54:05][com.zaxxer.hikari.pool.HikariPool]HikariPool-1 - Closed.
[INFO] [2016-05-27 10:54:55][org.springframework.test.context.support.DefaultTestContextBootstrapper]Loaded default TestExecutionListener class names from location [META-INF/spring.factories]: [org.springframework.test.context.web.ServletTestExecutionListener, org.springframework.test.context.support.DirtiesContextBeforeModesTestExecutionListener, org.springframework.test.context.support.DependencyInjectionTestExecutionListener, org.springframework.test.context.support.DirtiesContextTestExecutionListener, org.springframework.test.context.transaction.TransactionalTestExecutionListener, org.springframework.test.context.jdbc.SqlScriptsTestExecutionListener]
[INFO] [2016-05-27 10:54:55][org.springframework.test.context.support.DefaultTestContextBootstrapper]Using TestExecutionListeners: [org.springframework.test.context.web.ServletTestExecutionListener@5622fdf, org.springframework.test.context.support.DirtiesContextBeforeModesTestExecutionListener@4883b407, org.springframework.test.context.support.DependencyInjectionTestExecutionListener@7d9d1a19, org.springframework.test.context.support.DirtiesContextTestExecutionListener@39c0f4a, org.springframework.test.context.transaction.TransactionalTestExecutionListener@1794d431, org.springframework.test.context.jdbc.SqlScriptsTestExecutionListener@42e26948]
[INFO] [2016-05-27 10:54:55][org.springframework.beans.factory.xml.XmlBeanDefinitionReader]Loading XML bean definitions from class path resource [spring-mybatis.xml]
[INFO] [2016-05-27 10:54:55][org.springframework.context.support.GenericApplicationContext]Refreshing org.springframework.context.support.GenericApplicationContext@6536e911: startup date [Fri May 27 10:54:55 GMT+08:00 2016]; root of context hierarchy
[INFO] [2016-05-27 10:54:56][org.springframework.beans.factory.config.PropertyPlaceholderConfigurer]Loading properties file from class path resource [jdbc.properties]
[INFO] [2016-05-27 10:54:56][org.springframework.beans.factory.annotation.AutowiredAnnotationBeanPostProcessor]JSR-330 'javax.inject.Inject' annotation found and supported for autowiring
[INFO] [2016-05-27 10:54:57][com.zaxxer.hikari.HikariDataSource]HikariPool-1 - Started.
[INFO] [2016-05-27 10:54:58][com.hyj.dao.PostMapperTest][{"createTime":1464317480000,"creatorId":3,"id":1,"modifyTime":1464317482000,"tag":1,"title":"没有女朋友是一种怎样的体验"},{"createTime":1464404074000,"creatorId":1,"id":2,"modifyTime":1464404079000,"tag":1,"title":"没有男朋友是一种怎样的体验"}]
[INFO] [2016-05-27 10:54:58][org.springframework.context.support.GenericApplicationContext]Closing org.springframework.context.support.GenericApplicationContext@6536e911: startup date [Fri May 27 10:54:55 GMT+08:00 2016]; root of context hierarchy
[INFO] [2016-05-27 10:54:58][com.zaxxer.hikari.pool.HikariPool]HikariPool-1 - Close initiated...
[INFO] [2016-05-27 10:54:58][com.zaxxer.hikari.pool.HikariPool]HikariPool-1 - Closed.
[INFO] [2016-05-27 10:59:49][org.springframework.test.context.support.DefaultTestContextBootstrapper]Loaded default TestExecutionListener class names from location [META-INF/spring.factories]: [org.springframework.test.context.web.ServletTestExecutionListener, org.springframework.test.context.support.DirtiesContextBeforeModesTestExecutionListener, org.springframework.test.context.support.DependencyInjectionTestExecutionListener, org.springframework.test.context.support.DirtiesContextTestExecutionListener, org.springframework.test.context.transaction.TransactionalTestExecutionListener, org.springframework.test.context.jdbc.SqlScriptsTestExecutionListener]
[INFO] [2016-05-27 10:59:49][org.springframework.test.context.support.DefaultTestContextBootstrapper]Using TestExecutionListeners: [org.springframework.test.context.web.ServletTestExecutionListener@5622fdf, org.springframework.test.context.support.DirtiesContextBeforeModesTestExecutionListener@4883b407, org.springframework.test.context.support.DependencyInjectionTestExecutionListener@7d9d1a19, org.springframework.test.context.support.DirtiesContextTestExecutionListener@39c0f4a, org.springframework.test.context.transaction.TransactionalTestExecutionListener@1794d431, org.springframework.test.context.jdbc.SqlScriptsTestExecutionListener@42e26948]
[INFO] [2016-05-27 10:59:50][org.springframework.beans.factory.xml.XmlBeanDefinitionReader]Loading XML bean definitions from class path resource [spring-mybatis.xml]
[INFO] [2016-05-27 10:59:50][org.springframework.context.support.GenericApplicationContext]Refreshing org.springframework.context.support.GenericApplicationContext@6536e911: startup date [Fri May 27 10:59:50 GMT+08:00 2016]; root of context hierarchy
[INFO] [2016-05-27 10:59:51][org.springframework.beans.factory.config.PropertyPlaceholderConfigurer]Loading properties file from class path resource [jdbc.properties]
[INFO] [2016-05-27 10:59:51][org.springframework.beans.factory.annotation.AutowiredAnnotationBeanPostProcessor]JSR-330 'javax.inject.Inject' annotation found and supported for autowiring
[INFO] [2016-05-27 10:59:52][com.zaxxer.hikari.HikariDataSource]HikariPool-1 - Started.
[INFO] [2016-05-27 10:59:52][com.hyj.dao.PostMapperTest][{"createTime":1464404074000,"creatorId":1,"id":2,"modifyTime":1464404079000,"tag":1,"title":"没有男朋友是一种怎样的体验"},{"createTime":1464317480000,"creatorId":3,"id":1,"modifyTime":1464317482000,"tag":1,"title":"没有女朋友是一种怎样的体验"},{"createTime":1425005967000,"creatorId":2,"id":3,"modifyTime":1425005967000,"tag":2,"title":"哈哈哈的体验"}]
[INFO] [2016-05-27 10:59:52][org.springframework.context.support.GenericApplicationContext]Closing org.springframework.context.support.GenericApplicationContext@6536e911: startup date [Fri May 27 10:59:50 GMT+08:00 2016]; root of context hierarchy
[INFO] [2016-05-27 10:59:52][com.zaxxer.hikari.pool.HikariPool]HikariPool-1 - Close initiated...
[INFO] [2016-05-27 10:59:52][com.zaxxer.hikari.pool.HikariPool]HikariPool-1 - Closed.
[INFO] [2016-05-27 11:21:39][org.springframework.test.context.support.DefaultTestContextBootstrapper]Loaded default TestExecutionListener class names from location [META-INF/spring.factories]: [org.springframework.test.context.web.ServletTestExecutionListener, org.springframework.test.context.support.DirtiesContextBeforeModesTestExecutionListener, org.springframework.test.context.support.DependencyInjectionTestExecutionListener, org.springframework.test.context.support.DirtiesContextTestExecutionListener, org.springframework.test.context.transaction.TransactionalTestExecutionListener, org.springframework.test.context.jdbc.SqlScriptsTestExecutionListener]
[INFO] [2016-05-27 11:21:39][org.springframework.test.context.support.DefaultTestContextBootstrapper]Using TestExecutionListeners: [org.springframework.test.context.web.ServletTestExecutionListener@5622fdf, org.springframework.test.context.support.DirtiesContextBeforeModesTestExecutionListener@4883b407, org.springframework.test.context.support.DependencyInjectionTestExecutionListener@7d9d1a19, org.springframework.test.context.support.DirtiesContextTestExecutionListener@39c0f4a, org.springframework.test.context.transaction.TransactionalTestExecutionListener@1794d431, org.springframework.test.context.jdbc.SqlScriptsTestExecutionListener@42e26948]
[INFO] [2016-05-27 11:21:40][org.springframework.beans.factory.xml.XmlBeanDefinitionReader]Loading XML bean definitions from class path resource [spring-mybatis.xml]
[INFO] [2016-05-27 11:21:40][org.springframework.context.support.GenericApplicationContext]Refreshing org.springframework.context.support.GenericApplicationContext@6536e911: startup date [Fri May 27 11:21:40 GMT+08:00 2016]; root of context hierarchy
[INFO] [2016-05-27 11:21:40][org.springframework.beans.factory.config.PropertyPlaceholderConfigurer]Loading properties file from class path resource [jdbc.properties]
[INFO] [2016-05-27 11:21:40][org.springframework.beans.factory.annotation.AutowiredAnnotationBeanPostProcessor]JSR-330 'javax.inject.Inject' annotation found and supported for autowiring
[INFO] [2016-05-27 11:21:42][com.zaxxer.hikari.HikariDataSource]HikariPool-1 - Started.
[INFO] [2016-05-27 11:21:42][org.springframework.context.support.GenericApplicationContext]Closing org.springframework.context.support.GenericApplicationContext@6536e911: startup date [Fri May 27 11:21:40 GMT+08:00 2016]; root of context hierarchy
[INFO] [2016-05-27 11:21:42][com.zaxxer.hikari.pool.HikariPool]HikariPool-1 - Close initiated...
[INFO] [2016-05-27 11:21:42][com.zaxxer.hikari.pool.HikariPool]HikariPool-1 - Closed.
[INFO] [2016-05-27 11:22:51][org.springframework.test.context.support.DefaultTestContextBootstrapper]Loaded default TestExecutionListener class names from location [META-INF/spring.factories]: [org.springframework.test.context.web.ServletTestExecutionListener, org.springframework.test.context.support.DirtiesContextBeforeModesTestExecutionListener, org.springframework.test.context.support.DependencyInjectionTestExecutionListener, org.springframework.test.context.support.DirtiesContextTestExecutionListener, org.springframework.test.context.transaction.TransactionalTestExecutionListener, org.springframework.test.context.jdbc.SqlScriptsTestExecutionListener]
[INFO] [2016-05-27 11:22:51][org.springframework.test.context.support.DefaultTestContextBootstrapper]Using TestExecutionListeners: [org.springframework.test.context.web.ServletTestExecutionListener@5622fdf, org.springframework.test.context.support.DirtiesContextBeforeModesTestExecutionListener@4883b407, org.springframework.test.context.support.DependencyInjectionTestExecutionListener@7d9d1a19, org.springframework.test.context.support.DirtiesContextTestExecutionListener@39c0f4a, org.springframework.test.context.transaction.TransactionalTestExecutionListener@1794d431, org.springframework.test.context.jdbc.SqlScriptsTestExecutionListener@42e26948]
[INFO] [2016-05-27 11:22:51][org.springframework.beans.factory.xml.XmlBeanDefinitionReader]Loading XML bean definitions from class path resource [spring-mybatis.xml]
[INFO] [2016-05-27 11:22:52][org.springframework.context.support.GenericApplicationContext]Refreshing org.springframework.context.support.GenericApplicationContext@6536e911: startup date [Fri May 27 11:22:52 GMT+08:00 2016]; root of context hierarchy
[INFO] [2016-05-27 11:22:52][org.springframework.beans.factory.config.PropertyPlaceholderConfigurer]Loading properties file from class path resource [jdbc.properties]
[INFO] [2016-05-27 11:22:52][org.springframework.beans.factory.annotation.AutowiredAnnotationBeanPostProcessor]JSR-330 'javax.inject.Inject' annotation found and supported for autowiring
[INFO] [2016-05-27 11:22:53][com.zaxxer.hikari.HikariDataSource]HikariPool-1 - Started.
[INFO] [2016-05-27 11:22:54][com.hyj.dao.FloorMapperTest]3
[INFO] [2016-05-27 11:22:54][org.springframework.context.support.GenericApplicationContext]Closing org.springframework.context.support.GenericApplicationContext@6536e911: startup date [Fri May 27 11:22:52 GMT+08:00 2016]; root of context hierarchy
[INFO] [2016-05-27 11:22:54][com.zaxxer.hikari.pool.HikariPool]HikariPool-1 - Close initiated...
[INFO] [2016-05-27 11:22:54][com.zaxxer.hikari.pool.HikariPool]HikariPool-1 - Closed.
[INFO] [2016-05-27 11:23:20][org.springframework.test.context.support.DefaultTestContextBootstrapper]Loaded default TestExecutionListener class names from location [META-INF/spring.factories]: [org.springframework.test.context.web.ServletTestExecutionListener, org.springframework.test.context.support.DirtiesContextBeforeModesTestExecutionListener, org.springframework.test.context.support.DependencyInjectionTestExecutionListener, org.springframework.test.context.support.DirtiesContextTestExecutionListener, org.springframework.test.context.transaction.TransactionalTestExecutionListener, org.springframework.test.context.jdbc.SqlScriptsTestExecutionListener]
[INFO] [2016-05-27 11:23:20][org.springframework.test.context.support.DefaultTestContextBootstrapper]Using TestExecutionListeners: [org.springframework.test.context.web.ServletTestExecutionListener@5622fdf, org.springframework.test.context.support.DirtiesContextBeforeModesTestExecutionListener@4883b407, org.springframework.test.context.support.DependencyInjectionTestExecutionListener@7d9d1a19, org.springframework.test.context.support.DirtiesContextTestExecutionListener@39c0f4a, org.springframework.test.context.transaction.TransactionalTestExecutionListener@1794d431, org.springframework.test.context.jdbc.SqlScriptsTestExecutionListener@42e26948]
[INFO] [2016-05-27 11:23:20][org.springframework.beans.factory.xml.XmlBeanDefinitionReader]Loading XML bean definitions from class path resource [spring-mybatis.xml]
[INFO] [2016-05-27 11:23:21][org.springframework.context.support.GenericApplicationContext]Refreshing org.springframework.context.support.GenericApplicationContext@6536e911: startup date [Fri May 27 11:23:21 GMT+08:00 2016]; root of context hierarchy
[INFO] [2016-05-27 11:23:21][org.springframework.beans.factory.config.PropertyPlaceholderConfigurer]Loading properties file from class path resource [jdbc.properties]
[INFO] [2016-05-27 11:23:21][org.springframework.beans.factory.annotation.AutowiredAnnotationBeanPostProcessor]JSR-330 'javax.inject.Inject' annotation found and supported for autowiring
[INFO] [2016-05-27 11:23:22][com.zaxxer.hikari.HikariDataSource]HikariPool-1 - Started.
[INFO] [2016-05-27 11:23:23][com.hyj.dao.PostMapperTest][{"createTime":1464404074000,"creatorId":1,"id":2,"modifyTime":1464404079000,"tag":1,"title":"没有男朋友是一种怎样的体验"},{"createTime":1464317480000,"creatorId":3,"id":1,"modifyTime":1464317482000,"tag":1,"title":"没有女朋友是一种怎样的体验"},{"createTime":1425005967000,"creatorId":2,"id":3,"modifyTime":1425005967000,"tag":2,"title":"哈哈哈的体验"}]
[INFO] [2016-05-27 11:23:23][org.springframework.context.support.GenericApplicationContext]Closing org.springframework.context.support.GenericApplicationContext@6536e911: startup date [Fri May 27 11:23:21 GMT+08:00 2016]; root of context hierarchy
[INFO] [2016-05-27 11:23:23][com.zaxxer.hikari.pool.HikariPool]HikariPool-1 - Close initiated...
[INFO] [2016-05-27 11:23:23][com.zaxxer.hikari.pool.HikariPool]HikariPool-1 - Closed.
[INFO] [2016-05-27 11:23:31][org.springframework.test.context.support.DefaultTestContextBootstrapper]Loaded default TestExecutionListener class names from location [META-INF/spring.factories]: [org.springframework.test.context.web.ServletTestExecutionListener, org.springframework.test.context.support.DirtiesContextBeforeModesTestExecutionListener, org.springframework.test.context.support.DependencyInjectionTestExecutionListener, org.springframework.test.context.support.DirtiesContextTestExecutionListener, org.springframework.test.context.transaction.TransactionalTestExecutionListener, org.springframework.test.context.jdbc.SqlScriptsTestExecutionListener]
[INFO] [2016-05-27 11:23:31][org.springframework.test.context.support.DefaultTestContextBootstrapper]Using TestExecutionListeners: [org.springframework.test.context.web.ServletTestExecutionListener@5622fdf, org.springframework.test.context.support.DirtiesContextBeforeModesTestExecutionListener@4883b407, org.springframework.test.context.support.DependencyInjectionTestExecutionListener@7d9d1a19, org.springframework.test.context.support.DirtiesContextTestExecutionListener@39c0f4a, org.springframework.test.context.transaction.TransactionalTestExecutionListener@1794d431, org.springframework.test.context.jdbc.SqlScriptsTestExecutionListener@42e26948]
[INFO] [2016-05-27 11:23:31][org.springframework.beans.factory.xml.XmlBeanDefinitionReader]Loading XML bean definitions from class path resource [spring-mybatis.xml]
[INFO] [2016-05-27 11:23:32][org.springframework.context.support.GenericApplicationContext]Refreshing org.springframework.context.support.GenericApplicationContext@6536e911: startup date [Fri May 27 11:23:32 GMT+08:00 2016]; root of context hierarchy
[INFO] [2016-05-27 11:23:32][org.springframework.beans.factory.config.PropertyPlaceholderConfigurer]Loading properties file from class path resource [jdbc.properties]
[INFO] [2016-05-27 11:23:32][org.springframework.beans.factory.annotation.AutowiredAnnotationBeanPostProcessor]JSR-330 'javax.inject.Inject' annotation found and supported for autowiring
[INFO] [2016-05-27 11:23:33][com.zaxxer.hikari.HikariDataSource]HikariPool-1 - Started.
[INFO] [2016-05-27 11:23:34][com.hyj.dao.FloorMapperTest]2
[INFO] [2016-05-27 11:23:34][org.springframework.context.support.GenericApplicationContext]Closing org.springframework.context.support.GenericApplicationContext@6536e911: startup date [Fri May 27 11:23:32 GMT+08:00 2016]; root of context hierarchy
[INFO] [2016-05-27 11:23:34][com.zaxxer.hikari.pool.HikariPool]HikariPool-1 - Close initiated...
[INFO] [2016-05-27 11:23:34][com.zaxxer.hikari.pool.HikariPool]HikariPool-1 - Closed.
[INFO] [2016-05-27 11:28:45][org.springframework.test.context.support.DefaultTestContextBootstrapper]Loaded default TestExecutionListener class names from location [META-INF/spring.factories]: [org.springframework.test.context.web.ServletTestExecutionListener, org.springframework.test.context.support.DirtiesContextBeforeModesTestExecutionListener, org.springframework.test.context.support.DependencyInjectionTestExecutionListener, org.springframework.test.context.support.DirtiesContextTestExecutionListener, org.springframework.test.context.transaction.TransactionalTestExecutionListener, org.springframework.test.context.jdbc.SqlScriptsTestExecutionListener]
[INFO] [2016-05-27 11:28:45][org.springframework.test.context.support.DefaultTestContextBootstrapper]Using TestExecutionListeners: [org.springframework.test.context.web.ServletTestExecutionListener@54d9d12d, org.springframework.test.context.support.DirtiesContextBeforeModesTestExecutionListener@38425407, org.springframework.test.context.support.DependencyInjectionTestExecutionListener@43bc63a3, org.springframework.test.context.support.DirtiesContextTestExecutionListener@702657cc, org.springframework.test.context.transaction.TransactionalTestExecutionListener@6a6cb05c, org.springframework.test.context.jdbc.SqlScriptsTestExecutionListener@40a4337a]
[INFO] [2016-05-27 11:28:46][org.springframework.beans.factory.xml.XmlBeanDefinitionReader]Loading XML bean definitions from class path resource [spring-mybatis.xml]
[INFO] [2016-05-27 11:28:46][org.springframework.context.support.GenericApplicationContext]Refreshing org.springframework.context.support.GenericApplicationContext@10aa41f2: startup date [Fri May 27 11:28:46 GMT+08:00 2016]; root of context hierarchy
[INFO] [2016-05-27 11:28:47][org.springframework.beans.factory.config.PropertyPlaceholderConfigurer]Loading properties file from class path resource [jdbc.properties]
[INFO] [2016-05-27 11:28:47][org.springframework.beans.factory.annotation.AutowiredAnnotationBeanPostProcessor]JSR-330 'javax.inject.Inject' annotation found and supported for autowiring
[INFO] [2016-05-27 11:28:49][com.zaxxer.hikari.HikariDataSource]HikariPool-1 - Started.
[INFO] [2016-05-27 11:28:49][com.hyj.dao.FloorMapperTest]2
[INFO] [2016-05-27 11:28:49][org.springframework.context.support.GenericApplicationContext]Closing org.springframework.context.support.GenericApplicationContext@10aa41f2: startup date [Fri May 27 11:28:46 GMT+08:00 2016]; root of context hierarchy
[INFO] [2016-05-27 11:28:49][com.zaxxer.hikari.pool.HikariPool]HikariPool-1 - Close initiated...
[INFO] [2016-05-27 11:28:49][com.zaxxer.hikari.pool.HikariPool]HikariPool-1 - Closed.
[INFO] [2016-05-27 12:06:29][org.springframework.test.context.support.DefaultTestContextBootstrapper]Loaded default TestExecutionListener class names from location [META-INF/spring.factories]: [org.springframework.test.context.web.ServletTestExecutionListener, org.springframework.test.context.support.DirtiesContextBeforeModesTestExecutionListener, org.springframework.test.context.support.DependencyInjectionTestExecutionListener, org.springframework.test.context.support.DirtiesContextTestExecutionListener, org.springframework.test.context.transaction.TransactionalTestExecutionListener, org.springframework.test.context.jdbc.SqlScriptsTestExecutionListener]
[INFO] [2016-05-27 12:06:29][org.springframework.test.context.support.DefaultTestContextBootstrapper]Using TestExecutionListeners: [org.springframework.test.context.web.ServletTestExecutionListener@5622fdf, org.springframework.test.context.support.DirtiesContextBeforeModesTestExecutionListener@4883b407, org.springframework.test.context.support.DependencyInjectionTestExecutionListener@7d9d1a19, org.springframework.test.context.support.DirtiesContextTestExecutionListener@39c0f4a, org.springframework.test.context.transaction.TransactionalTestExecutionListener@1794d431, org.springframework.test.context.jdbc.SqlScriptsTestExecutionListener@42e26948]
[INFO] [2016-05-27 12:06:29][org.springframework.beans.factory.xml.XmlBeanDefinitionReader]Loading XML bean definitions from class path resource [spring-mybatis.xml]
[INFO] [2016-05-27 12:06:30][org.springframework.context.support.GenericApplicationContext]Refreshing org.springframework.context.support.GenericApplicationContext@6536e911: startup date [Fri May 27 12:06:30 GMT+08:00 2016]; root of context hierarchy
[INFO] [2016-05-27 12:06:30][org.springframework.beans.factory.config.PropertyPlaceholderConfigurer]Loading properties file from class path resource [jdbc.properties]
[INFO] [2016-05-27 12:06:30][org.springframework.beans.factory.annotation.AutowiredAnnotationBeanPostProcessor]JSR-330 'javax.inject.Inject' annotation found and supported for autowiring
[WARN] [2016-05-27 12:06:31][org.springframework.context.support.GenericApplicationContext]Exception encountered during context initialization - cancelling refresh attempt: org.springframework.beans.factory.BeanCreationException: Error creating bean with name 'accountController': Injection of resource dependencies failed; nested exception is org.springframework.beans.factory.BeanCreationException: Error creating bean with name 'accountService': Injection of resource dependencies failed; nested exception is org.springframework.beans.factory.BeanCreationException: Error creating bean with name 'accountMapper' defined in file [C:\Users\Administrator\IdeaProjects\Spring\target\classes\com\hyj\dao\AccountMapper.class]: Cannot resolve reference to bean 'sqlSessionFactory' while setting bean property 'sqlSessionFactory'; nested exception is org.springframework.beans.factory.BeanCreationException: Error creating bean with name 'sqlSessionFactory' defined in class path resource [spring-mybatis.xml]: Invocation of init method failed; nested exception is org.springframework.core.NestedIOException: Failed to parse mapping resource: 'file [C:\Users\Administrator\IdeaProjects\Spring\target\classes\com\hyj\dao\FloorMapper.xml]'; nested exception is org.apache.ibatis.builder.BuilderException: Error parsing Mapper XML. Cause: org.apache.ibatis.builder.BuilderException: Error resolving class. Cause: org.apache.ibatis.type.TypeException: Could not resolve type alias 'ResultMapWithBLOBs'.  Cause: java.lang.ClassNotFoundException: Cannot find class: ResultMapWithBLOBs
[ERROR] [2016-05-27 12:06:31][org.springframework.test.context.TestContextManager]Caught exception while allowing TestExecutionListener [org.springframework.test.context.support.DependencyInjectionTestExecutionListener@7d9d1a19] to prepare test instance [com.hyj.dao.FloorMapperTest@593aaf41]
java.lang.IllegalStateException: Failed to load ApplicationContext
	at org.springframework.test.context.cache.DefaultCacheAwareContextLoaderDelegate.loadContext(DefaultCacheAwareContextLoaderDelegate.java:124)
	at org.springframework.test.context.support.DefaultTestContext.getApplicationContext(DefaultTestContext.java:83)
	at org.springframework.test.context.support.DependencyInjectionTestExecutionListener.injectDependencies(DependencyInjectionTestExecutionListener.java:117)
	at org.springframework.test.context.support.DependencyInjectionTestExecutionListener.prepareTestInstance(DependencyInjectionTestExecutionListener.java:83)
	at org.springframework.test.context.TestContextManager.prepareTestInstance(TestContextManager.java:228)
	at org.springframework.test.context.junit4.SpringJUnit4ClassRunner.createTest(SpringJUnit4ClassRunner.java:230)
	at org.springframework.test.context.junit4.SpringJUnit4ClassRunner$1.runReflectiveCall(SpringJUnit4ClassRunner.java:289)
	at org.junit.internal.runners.model.ReflectiveCallable.run(ReflectiveCallable.java:12)
	at org.springframework.test.context.junit4.SpringJUnit4ClassRunner.methodBlock(SpringJUnit4ClassRunner.java:291)
	at org.springframework.test.context.junit4.SpringJUnit4ClassRunner.runChild(SpringJUnit4ClassRunner.java:249)
	at org.springframework.test.context.junit4.SpringJUnit4ClassRunner.runChild(SpringJUnit4ClassRunner.java:89)
	at org.junit.runners.ParentRunner$3.run(ParentRunner.java:290)
	at org.junit.runners.ParentRunner$1.schedule(ParentRunner.java:71)
	at org.junit.runners.ParentRunner.runChildren(ParentRunner.java:288)
	at org.junit.runners.ParentRunner.access$000(ParentRunner.java:58)
	at org.junit.runners.ParentRunner$2.evaluate(ParentRunner.java:268)
	at org.springframework.test.context.junit4.statements.RunBeforeTestClassCallbacks.evaluate(RunBeforeTestClassCallbacks.java:61)
	at org.springframework.test.context.junit4.statements.RunAfterTestClassCallbacks.evaluate(RunAfterTestClassCallbacks.java:70)
	at org.junit.runners.ParentRunner.run(ParentRunner.java:363)
	at org.springframework.test.context.junit4.SpringJUnit4ClassRunner.run(SpringJUnit4ClassRunner.java:193)
	at org.junit.runner.JUnitCore.run(JUnitCore.java:137)
	at com.intellij.junit4.JUnit4IdeaTestRunner.startRunnerWithArgs(JUnit4IdeaTestRunner.java:119)
	at com.intellij.junit4.JUnit4IdeaTestRunner.startRunnerWithArgs(JUnit4IdeaTestRunner.java:42)
	at com.intellij.rt.execution.junit.JUnitStarter.prepareStreamsAndStart(JUnitStarter.java:234)
	at com.intellij.rt.execution.junit.JUnitStarter.main(JUnitStarter.java:74)
	at sun.reflect.NativeMethodAccessorImpl.invoke0(Native Method)
	at sun.reflect.NativeMethodAccessorImpl.invoke(NativeMethodAccessorImpl.java:62)
	at sun.reflect.DelegatingMethodAccessorImpl.invoke(DelegatingMethodAccessorImpl.java:43)
	at java.lang.reflect.Method.invoke(Method.java:497)
	at com.intellij.rt.execution.application.AppMain.main(AppMain.java:144)
Caused by: org.springframework.beans.factory.BeanCreationException: Error creating bean with name 'accountController': Injection of resource dependencies failed; nested exception is org.springframework.beans.factory.BeanCreationException: Error creating bean with name 'accountService': Injection of resource dependencies failed; nested exception is org.springframework.beans.factory.BeanCreationException: Error creating bean with name 'accountMapper' defined in file [C:\Users\Administrator\IdeaProjects\Spring\target\classes\com\hyj\dao\AccountMapper.class]: Cannot resolve reference to bean 'sqlSessionFactory' while setting bean property 'sqlSessionFactory'; nested exception is org.springframework.beans.factory.BeanCreationException: Error creating bean with name 'sqlSessionFactory' defined in class path resource [spring-mybatis.xml]: Invocation of init method failed; nested exception is org.springframework.core.NestedIOException: Failed to parse mapping resource: 'file [C:\Users\Administrator\IdeaProjects\Spring\target\classes\com\hyj\dao\FloorMapper.xml]'; nested exception is org.apache.ibatis.builder.BuilderException: Error parsing Mapper XML. Cause: org.apache.ibatis.builder.BuilderException: Error resolving class. Cause: org.apache.ibatis.type.TypeException: Could not resolve type alias 'ResultMapWithBLOBs'.  Cause: java.lang.ClassNotFoundException: Cannot find class: ResultMapWithBLOBs
	at org.springframework.context.annotation.CommonAnnotationBeanPostProcessor.postProcessPropertyValues(CommonAnnotationBeanPostProcessor.java:311)
	at org.springframework.beans.factory.support.AbstractAutowireCapableBeanFactory.populateBean(AbstractAutowireCapableBeanFactory.java:1214)
	at org.springframework.beans.factory.support.AbstractAutowireCapableBeanFactory.doCreateBean(AbstractAutowireCapableBeanFactory.java:543)
	at org.springframework.beans.factory.support.AbstractAutowireCapableBeanFactory.createBean(AbstractAutowireCapableBeanFactory.java:482)
	at org.springframework.beans.factory.support.AbstractBeanFactory$1.getObject(AbstractBeanFactory.java:306)
	at org.springframework.beans.factory.support.DefaultSingletonBeanRegistry.getSingleton(DefaultSingletonBeanRegistry.java:230)
	at org.springframework.beans.factory.support.AbstractBeanFactory.doGetBean(AbstractBeanFactory.java:302)
	at org.springframework.beans.factory.support.AbstractBeanFactory.getBean(AbstractBeanFactory.java:197)
	at org.springframework.beans.factory.support.DefaultListableBeanFactory.preInstantiateSingletons(DefaultListableBeanFactory.java:772)
	at org.springframework.context.support.AbstractApplicationContext.finishBeanFactoryInitialization(AbstractApplicationContext.java:839)
	at org.springframework.context.support.AbstractApplicationContext.refresh(AbstractApplicationContext.java:538)
	at org.springframework.test.context.support.AbstractGenericContextLoader.loadContext(AbstractGenericContextLoader.java:125)
	at org.springframework.test.context.support.AbstractGenericContextLoader.loadContext(AbstractGenericContextLoader.java:60)
	at org.springframework.test.context.support.AbstractDelegatingSmartContextLoader.delegateLoading(AbstractDelegatingSmartContextLoader.java:109)
	at org.springframework.test.context.support.AbstractDelegatingSmartContextLoader.loadContext(AbstractDelegatingSmartContextLoader.java:261)
	at org.springframework.test.context.cache.DefaultCacheAwareContextLoaderDelegate.loadContextInternal(DefaultCacheAwareContextLoaderDelegate.java:98)
	at org.springframework.test.context.cache.DefaultCacheAwareContextLoaderDelegate.loadContext(DefaultCacheAwareContextLoaderDelegate.java:116)
	... 29 more
Caused by: org.springframework.beans.factory.BeanCreationException: Error creating bean with name 'accountService': Injection of resource dependencies failed; nested exception is org.springframework.beans.factory.BeanCreationException: Error creating bean with name 'accountMapper' defined in file [C:\Users\Administrator\IdeaProjects\Spring\target\classes\com\hyj\dao\AccountMapper.class]: Cannot resolve reference to bean 'sqlSessionFactory' while setting bean property 'sqlSessionFactory'; nested exception is org.springframework.beans.factory.BeanCreationException: Error creating bean with name 'sqlSessionFactory' defined in class path resource [spring-mybatis.xml]: Invocation of init method failed; nested exception is org.springframework.core.NestedIOException: Failed to parse mapping resource: 'file [C:\Users\Administrator\IdeaProjects\Spring\target\classes\com\hyj\dao\FloorMapper.xml]'; nested exception is org.apache.ibatis.builder.BuilderException: Error parsing Mapper XML. Cause: org.apache.ibatis.builder.BuilderException: Error resolving class. Cause: org.apache.ibatis.type.TypeException: Could not resolve type alias 'ResultMapWithBLOBs'.  Cause: java.lang.ClassNotFoundException: Cannot find class: ResultMapWithBLOBs
	at org.springframework.context.annotation.CommonAnnotationBeanPostProcessor.postProcessPropertyValues(CommonAnnotationBeanPostProcessor.java:311)
	at org.springframework.beans.factory.support.AbstractAutowireCapableBeanFactory.populateBean(AbstractAutowireCapableBeanFactory.java:1214)
	at org.springframework.beans.factory.support.AbstractAutowireCapableBeanFactory.doCreateBean(AbstractAutowireCapableBeanFactory.java:543)
	at org.springframework.beans.factory.support.AbstractAutowireCapableBeanFactory.createBean(AbstractAutowireCapableBeanFactory.java:482)
	at org.springframework.beans.factory.support.AbstractBeanFactory$1.getObject(AbstractBeanFactory.java:306)
	at org.springframework.beans.factory.support.DefaultSingletonBeanRegistry.getSingleton(DefaultSingletonBeanRegistry.java:230)
	at org.springframework.beans.factory.support.AbstractBeanFactory.doGetBean(AbstractBeanFactory.java:302)
	at org.springframework.beans.factory.support.AbstractBeanFactory.getBean(AbstractBeanFactory.java:202)
	at org.springframework.context.annotation.CommonAnnotationBeanPostProcessor.autowireResource(CommonAnnotationBeanPostProcessor.java:512)
	at org.springframework.context.annotation.CommonAnnotationBeanPostProcessor.getResource(CommonAnnotationBeanPostProcessor.java:486)
	at org.springframework.context.annotation.CommonAnnotationBeanPostProcessor$ResourceElement.getResourceToInject(CommonAnnotationBeanPostProcessor.java:615)
	at org.springframework.beans.factory.annotation.InjectionMetadata$InjectedElement.inject(InjectionMetadata.java:169)
	at org.springframework.beans.factory.annotation.InjectionMetadata.inject(InjectionMetadata.java:88)
	at org.springframework.context.annotation.CommonAnnotationBeanPostProcessor.postProcessPropertyValues(CommonAnnotationBeanPostProcessor.java:308)
	... 45 more
Caused by: org.springframework.beans.factory.BeanCreationException: Error creating bean with name 'accountMapper' defined in file [C:\Users\Administrator\IdeaProjects\Spring\target\classes\com\hyj\dao\AccountMapper.class]: Cannot resolve reference to bean 'sqlSessionFactory' while setting bean property 'sqlSessionFactory'; nested exception is org.springframework.beans.factory.BeanCreationException: Error creating bean with name 'sqlSessionFactory' defined in class path resource [spring-mybatis.xml]: Invocation of init method failed; nested exception is org.springframework.core.NestedIOException: Failed to parse mapping resource: 'file [C:\Users\Administrator\IdeaProjects\Spring\target\classes\com\hyj\dao\FloorMapper.xml]'; nested exception is org.apache.ibatis.builder.BuilderException: Error parsing Mapper XML. Cause: org.apache.ibatis.builder.BuilderException: Error resolving class. Cause: org.apache.ibatis.type.TypeException: Could not resolve type alias 'ResultMapWithBLOBs'.  Cause: java.lang.ClassNotFoundException: Cannot find class: ResultMapWithBLOBs
	at org.springframework.beans.factory.support.BeanDefinitionValueResolver.resolveReference(BeanDefinitionValueResolver.java:359)
	at org.springframework.beans.factory.support.BeanDefinitionValueResolver.resolveValueIfNecessary(BeanDefinitionValueResolver.java:108)
	at org.springframework.beans.factory.support.AbstractAutowireCapableBeanFactory.applyPropertyValues(AbstractAutowireCapableBeanFactory.java:1481)
	at org.springframework.beans.factory.support.AbstractAutowireCapableBeanFactory.populateBean(AbstractAutowireCapableBeanFactory.java:1226)
	at org.springframework.beans.factory.support.AbstractAutowireCapableBeanFactory.doCreateBean(AbstractAutowireCapableBeanFactory.java:543)
	at org.springframework.beans.factory.support.AbstractAutowireCapableBeanFactory.createBean(AbstractAutowireCapableBeanFactory.java:482)
	at org.springframework.beans.factory.support.AbstractBeanFactory$1.getObject(AbstractBeanFactory.java:306)
	at org.springframework.beans.factory.support.DefaultSingletonBeanRegistry.getSingleton(DefaultSingletonBeanRegistry.java:230)
	at org.springframework.beans.factory.support.AbstractBeanFactory.doGetBean(AbstractBeanFactory.java:302)
	at org.springframework.beans.factory.support.AbstractBeanFactory.getBean(AbstractBeanFactory.java:202)
	at org.springframework.context.annotation.CommonAnnotationBeanPostProcessor.autowireResource(CommonAnnotationBeanPostProcessor.java:512)
	at org.springframework.context.annotation.CommonAnnotationBeanPostProcessor.getResource(CommonAnnotationBeanPostProcessor.java:486)
	at org.springframework.context.annotation.CommonAnnotationBeanPostProcessor$ResourceElement.getResourceToInject(CommonAnnotationBeanPostProcessor.java:615)
	at org.springframework.beans.factory.annotation.InjectionMetadata$InjectedElement.inject(InjectionMetadata.java:169)
	at org.springframework.beans.factory.annotation.InjectionMetadata.inject(InjectionMetadata.java:88)
	at org.springframework.context.annotation.CommonAnnotationBeanPostProcessor.postProcessPropertyValues(CommonAnnotationBeanPostProcessor.java:308)
	... 58 more
Caused by: org.springframework.beans.factory.BeanCreationException: Error creating bean with name 'sqlSessionFactory' defined in class path resource [spring-mybatis.xml]: Invocation of init method failed; nested exception is org.springframework.core.NestedIOException: Failed to parse mapping resource: 'file [C:\Users\Administrator\IdeaProjects\Spring\target\classes\com\hyj\dao\FloorMapper.xml]'; nested exception is org.apache.ibatis.builder.BuilderException: Error parsing Mapper XML. Cause: org.apache.ibatis.builder.BuilderException: Error resolving class. Cause: org.apache.ibatis.type.TypeException: Could not resolve type alias 'ResultMapWithBLOBs'.  Cause: java.lang.ClassNotFoundException: Cannot find class: ResultMapWithBLOBs
	at org.springframework.beans.factory.support.AbstractAutowireCapableBeanFactory.initializeBean(AbstractAutowireCapableBeanFactory.java:1578)
	at org.springframework.beans.factory.support.AbstractAutowireCapableBeanFactory.doCreateBean(AbstractAutowireCapableBeanFactory.java:545)
	at org.springframework.beans.factory.support.AbstractAutowireCapableBeanFactory.createBean(AbstractAutowireCapableBeanFactory.java:482)
	at org.springframework.beans.factory.support.AbstractBeanFactory$1.getObject(AbstractBeanFactory.java:306)
	at org.springframework.beans.factory.support.DefaultSingletonBeanRegistry.getSingleton(DefaultSingletonBeanRegistry.java:230)
	at org.springframework.beans.factory.support.AbstractBeanFactory.doGetBean(AbstractBeanFactory.java:302)
	at org.springframework.beans.factory.support.AbstractBeanFactory.getBean(AbstractBeanFactory.java:197)
	at org.springframework.beans.factory.support.BeanDefinitionValueResolver.resolveReference(BeanDefinitionValueResolver.java:351)
	... 73 more
Caused by: org.springframework.core.NestedIOException: Failed to parse mapping resource: 'file [C:\Users\Administrator\IdeaProjects\Spring\target\classes\com\hyj\dao\FloorMapper.xml]'; nested exception is org.apache.ibatis.builder.BuilderException: Error parsing Mapper XML. Cause: org.apache.ibatis.builder.BuilderException: Error resolving class. Cause: org.apache.ibatis.type.TypeException: Could not resolve type alias 'ResultMapWithBLOBs'.  Cause: java.lang.ClassNotFoundException: Cannot find class: ResultMapWithBLOBs
	at org.mybatis.spring.SqlSessionFactoryBean.buildSqlSessionFactory(SqlSessionFactoryBean.java:466)
	at org.mybatis.spring.SqlSessionFactoryBean.afterPropertiesSet(SqlSessionFactoryBean.java:340)
	at org.springframework.beans.factory.support.AbstractAutowireCapableBeanFactory.invokeInitMethods(AbstractAutowireCapableBeanFactory.java:1637)
	at org.springframework.beans.factory.support.AbstractAutowireCapableBeanFactory.initializeBean(AbstractAutowireCapableBeanFactory.java:1574)
	... 80 more
Caused by: org.apache.ibatis.builder.BuilderException: Error parsing Mapper XML. Cause: org.apache.ibatis.builder.BuilderException: Error resolving class. Cause: org.apache.ibatis.type.TypeException: Could not resolve type alias 'ResultMapWithBLOBs'.  Cause: java.lang.ClassNotFoundException: Cannot find class: ResultMapWithBLOBs
	at org.apache.ibatis.builder.xml.XMLMapperBuilder.configurationElement(XMLMapperBuilder.java:120)
	at org.apache.ibatis.builder.xml.XMLMapperBuilder.parse(XMLMapperBuilder.java:92)
	at org.mybatis.spring.SqlSessionFactoryBean.buildSqlSessionFactory(SqlSessionFactoryBean.java:464)
	... 83 more
Caused by: org.apache.ibatis.builder.BuilderException: Error resolving class. Cause: org.apache.ibatis.type.TypeException: Could not resolve type alias 'ResultMapWithBLOBs'.  Cause: java.lang.ClassNotFoundException: Cannot find class: ResultMapWithBLOBs
	at org.apache.ibatis.builder.BaseBuilder.resolveClass(BaseBuilder.java:103)
	at org.apache.ibatis.builder.xml.XMLStatementBuilder.parseStatementNode(XMLStatementBuilder.java:72)
	at org.apache.ibatis.builder.xml.XMLMapperBuilder.buildStatementFromContext(XMLMapperBuilder.java:135)
	at org.apache.ibatis.builder.xml.XMLMapperBuilder.buildStatementFromContext(XMLMapperBuilder.java:128)
	at org.apache.ibatis.builder.xml.XMLMapperBuilder.configurationElement(XMLMapperBuilder.java:118)
	... 85 more
Caused by: org.apache.ibatis.type.TypeException: Could not resolve type alias 'ResultMapWithBLOBs'.  Cause: java.lang.ClassNotFoundException: Cannot find class: ResultMapWithBLOBs
	at org.apache.ibatis.type.TypeAliasRegistry.resolveAlias(TypeAliasRegistry.java:117)
	at org.apache.ibatis.builder.BaseBuilder.resolveAlias(BaseBuilder.java:130)
	at org.apache.ibatis.builder.BaseBuilder.resolveClass(BaseBuilder.java:101)
	... 89 more
Caused by: java.lang.ClassNotFoundException: Cannot find class: ResultMapWithBLOBs
	at org.apache.ibatis.io.ClassLoaderWrapper.classForName(ClassLoaderWrapper.java:190)
	at org.apache.ibatis.io.ClassLoaderWrapper.classForName(ClassLoaderWrapper.java:89)
	at org.apache.ibatis.io.Resources.classForName(Resources.java:256)
	at org.apache.ibatis.type.TypeAliasRegistry.resolveAlias(TypeAliasRegistry.java:113)
	... 91 more
[INFO] [2016-05-27 12:07:53][org.springframework.test.context.support.DefaultTestContextBootstrapper]Loaded default TestExecutionListener class names from location [META-INF/spring.factories]: [org.springframework.test.context.web.ServletTestExecutionListener, org.springframework.test.context.support.DirtiesContextBeforeModesTestExecutionListener, org.springframework.test.context.support.DependencyInjectionTestExecutionListener, org.springframework.test.context.support.DirtiesContextTestExecutionListener, org.springframework.test.context.transaction.TransactionalTestExecutionListener, org.springframework.test.context.jdbc.SqlScriptsTestExecutionListener]
[INFO] [2016-05-27 12:07:53][org.springframework.test.context.support.DefaultTestContextBootstrapper]Using TestExecutionListeners: [org.springframework.test.context.web.ServletTestExecutionListener@5622fdf, org.springframework.test.context.support.DirtiesContextBeforeModesTestExecutionListener@4883b407, org.springframework.test.context.support.DependencyInjectionTestExecutionListener@7d9d1a19, org.springframework.test.context.support.DirtiesContextTestExecutionListener@39c0f4a, org.springframework.test.context.transaction.TransactionalTestExecutionListener@1794d431, org.springframework.test.context.jdbc.SqlScriptsTestExecutionListener@42e26948]
[INFO] [2016-05-27 12:07:53][org.springframework.beans.factory.xml.XmlBeanDefinitionReader]Loading XML bean definitions from class path resource [spring-mybatis.xml]
[INFO] [2016-05-27 12:07:54][org.springframework.context.support.GenericApplicationContext]Refreshing org.springframework.context.support.GenericApplicationContext@6536e911: startup date [Fri May 27 12:07:54 GMT+08:00 2016]; root of context hierarchy
[INFO] [2016-05-27 12:07:54][org.springframework.beans.factory.config.PropertyPlaceholderConfigurer]Loading properties file from class path resource [jdbc.properties]
[INFO] [2016-05-27 12:07:54][org.springframework.beans.factory.annotation.AutowiredAnnotationBeanPostProcessor]JSR-330 'javax.inject.Inject' annotation found and supported for autowiring
[INFO] [2016-05-27 12:07:55][com.zaxxer.hikari.HikariDataSource]HikariPool-1 - Started.
[INFO] [2016-05-27 12:07:56][org.springframework.context.support.GenericApplicationContext]Closing org.springframework.context.support.GenericApplicationContext@6536e911: startup date [Fri May 27 12:07:54 GMT+08:00 2016]; root of context hierarchy
[INFO] [2016-05-27 12:07:56][com.zaxxer.hikari.pool.HikariPool]HikariPool-1 - Close initiated...
[INFO] [2016-05-27 12:07:56][com.zaxxer.hikari.pool.HikariPool]HikariPool-1 - Closed.
[INFO] [2016-05-27 12:08:55][org.springframework.test.context.support.DefaultTestContextBootstrapper]Loaded default TestExecutionListener class names from location [META-INF/spring.factories]: [org.springframework.test.context.web.ServletTestExecutionListener, org.springframework.test.context.support.DirtiesContextBeforeModesTestExecutionListener, org.springframework.test.context.support.DependencyInjectionTestExecutionListener, org.springframework.test.context.support.DirtiesContextTestExecutionListener, org.springframework.test.context.transaction.TransactionalTestExecutionListener, org.springframework.test.context.jdbc.SqlScriptsTestExecutionListener]
[INFO] [2016-05-27 12:08:55][org.springframework.test.context.support.DefaultTestContextBootstrapper]Using TestExecutionListeners: [org.springframework.test.context.web.ServletTestExecutionListener@5622fdf, org.springframework.test.context.support.DirtiesContextBeforeModesTestExecutionListener@4883b407, org.springframework.test.context.support.DependencyInjectionTestExecutionListener@7d9d1a19, org.springframework.test.context.support.DirtiesContextTestExecutionListener@39c0f4a, org.springframework.test.context.transaction.TransactionalTestExecutionListener@1794d431, org.springframework.test.context.jdbc.SqlScriptsTestExecutionListener@42e26948]
[INFO] [2016-05-27 12:08:55][org.springframework.beans.factory.xml.XmlBeanDefinitionReader]Loading XML bean definitions from class path resource [spring-mybatis.xml]
[INFO] [2016-05-27 12:08:56][org.springframework.context.support.GenericApplicationContext]Refreshing org.springframework.context.support.GenericApplicationContext@6536e911: startup date [Fri May 27 12:08:56 GMT+08:00 2016]; root of context hierarchy
[INFO] [2016-05-27 12:08:56][org.springframework.beans.factory.config.PropertyPlaceholderConfigurer]Loading properties file from class path resource [jdbc.properties]
[INFO] [2016-05-27 12:08:56][org.springframework.beans.factory.annotation.AutowiredAnnotationBeanPostProcessor]JSR-330 'javax.inject.Inject' annotation found and supported for autowiring
[INFO] [2016-05-27 12:08:57][com.zaxxer.hikari.HikariDataSource]HikariPool-1 - Started.
[INFO] [2016-05-27 12:08:58][org.springframework.context.support.GenericApplicationContext]Closing org.springframework.context.support.GenericApplicationContext@6536e911: startup date [Fri May 27 12:08:56 GMT+08:00 2016]; root of context hierarchy
[INFO] [2016-05-27 12:08:58][com.zaxxer.hikari.pool.HikariPool]HikariPool-1 - Close initiated...
[INFO] [2016-05-27 12:08:58][com.zaxxer.hikari.pool.HikariPool]HikariPool-1 - Closed.
[INFO] [2016-05-27 12:09:49][org.springframework.test.context.support.DefaultTestContextBootstrapper]Loaded default TestExecutionListener class names from location [META-INF/spring.factories]: [org.springframework.test.context.web.ServletTestExecutionListener, org.springframework.test.context.support.DirtiesContextBeforeModesTestExecutionListener, org.springframework.test.context.support.DependencyInjectionTestExecutionListener, org.springframework.test.context.support.DirtiesContextTestExecutionListener, org.springframework.test.context.transaction.TransactionalTestExecutionListener, org.springframework.test.context.jdbc.SqlScriptsTestExecutionListener]
[INFO] [2016-05-27 12:09:49][org.springframework.test.context.support.DefaultTestContextBootstrapper]Using TestExecutionListeners: [org.springframework.test.context.web.ServletTestExecutionListener@5622fdf, org.springframework.test.context.support.DirtiesContextBeforeModesTestExecutionListener@4883b407, org.springframework.test.context.support.DependencyInjectionTestExecutionListener@7d9d1a19, org.springframework.test.context.support.DirtiesContextTestExecutionListener@39c0f4a, org.springframework.test.context.transaction.TransactionalTestExecutionListener@1794d431, org.springframework.test.context.jdbc.SqlScriptsTestExecutionListener@42e26948]
[INFO] [2016-05-27 12:09:50][org.springframework.beans.factory.xml.XmlBeanDefinitionReader]Loading XML bean definitions from class path resource [spring-mybatis.xml]
[INFO] [2016-05-27 12:09:50][org.springframework.context.support.GenericApplicationContext]Refreshing org.springframework.context.support.GenericApplicationContext@6536e911: startup date [Fri May 27 12:09:50 GMT+08:00 2016]; root of context hierarchy
[INFO] [2016-05-27 12:09:51][org.springframework.beans.factory.config.PropertyPlaceholderConfigurer]Loading properties file from class path resource [jdbc.properties]
[INFO] [2016-05-27 12:09:51][org.springframework.beans.factory.annotation.AutowiredAnnotationBeanPostProcessor]JSR-330 'javax.inject.Inject' annotation found and supported for autowiring
[INFO] [2016-05-27 12:09:52][com.zaxxer.hikari.HikariDataSource]HikariPool-1 - Started.
[INFO] [2016-05-27 12:09:52][com.hyj.dao.FloorMapperTest][{"accountId":1,"createTime":1464319198000,"detail":"谁发的发是否","id":1,"isReply":false,"levelNum":1,"postId":1,"replyFloorId":1},{"accountId":1,"createTime":1464751252000,"detail":"adf阿道夫","id":3,"isReply":false,"levelNum":3,"postId":1,"replyFloorId":1}]
[INFO] [2016-05-27 12:09:52][org.springframework.context.support.GenericApplicationContext]Closing org.springframework.context.support.GenericApplicationContext@6536e911: startup date [Fri May 27 12:09:50 GMT+08:00 2016]; root of context hierarchy
[INFO] [2016-05-27 12:09:52][com.zaxxer.hikari.pool.HikariPool]HikariPool-1 - Close initiated...
[INFO] [2016-05-27 12:09:52][com.zaxxer.hikari.pool.HikariPool]HikariPool-1 - Closed.
[INFO] [2016-05-27 12:18:39][org.springframework.test.context.support.DefaultTestContextBootstrapper]Loaded default TestExecutionListener class names from location [META-INF/spring.factories]: [org.springframework.test.context.web.ServletTestExecutionListener, org.springframework.test.context.support.DirtiesContextBeforeModesTestExecutionListener, org.springframework.test.context.support.DependencyInjectionTestExecutionListener, org.springframework.test.context.support.DirtiesContextTestExecutionListener, org.springframework.test.context.transaction.TransactionalTestExecutionListener, org.springframework.test.context.jdbc.SqlScriptsTestExecutionListener]
[INFO] [2016-05-27 12:18:39][org.springframework.test.context.support.DefaultTestContextBootstrapper]Using TestExecutionListeners: [org.springframework.test.context.web.ServletTestExecutionListener@5622fdf, org.springframework.test.context.support.DirtiesContextBeforeModesTestExecutionListener@4883b407, org.springframework.test.context.support.DependencyInjectionTestExecutionListener@7d9d1a19, org.springframework.test.context.support.DirtiesContextTestExecutionListener@39c0f4a, org.springframework.test.context.transaction.TransactionalTestExecutionListener@1794d431, org.springframework.test.context.jdbc.SqlScriptsTestExecutionListener@42e26948]
[INFO] [2016-05-27 12:18:40][org.springframework.beans.factory.xml.XmlBeanDefinitionReader]Loading XML bean definitions from class path resource [spring-mybatis.xml]
[INFO] [2016-05-27 12:18:40][org.springframework.context.support.GenericApplicationContext]Refreshing org.springframework.context.support.GenericApplicationContext@6536e911: startup date [Fri May 27 12:18:40 GMT+08:00 2016]; root of context hierarchy
[INFO] [2016-05-27 12:18:40][org.springframework.beans.factory.config.PropertyPlaceholderConfigurer]Loading properties file from class path resource [jdbc.properties]
[INFO] [2016-05-27 12:18:40][org.springframework.beans.factory.annotation.AutowiredAnnotationBeanPostProcessor]JSR-330 'javax.inject.Inject' annotation found and supported for autowiring
[INFO] [2016-05-27 12:18:42][com.zaxxer.hikari.HikariDataSource]HikariPool-1 - Started.
[INFO] [2016-05-27 12:18:42][com.hyj.dao.PostMapperTest]{"createTime":1464404074000,"creatorId":1,"id":2,"modifyTime":1464404079000,"tag":1,"title":"没有男朋友是一种怎样的体验"}
[INFO] [2016-05-27 12:18:42][org.springframework.context.support.GenericApplicationContext]Closing org.springframework.context.support.GenericApplicationContext@6536e911: startup date [Fri May 27 12:18:40 GMT+08:00 2016]; root of context hierarchy
[INFO] [2016-05-27 12:18:42][com.zaxxer.hikari.pool.HikariPool]HikariPool-1 - Close initiated...
[INFO] [2016-05-27 12:18:42][com.zaxxer.hikari.pool.HikariPool]HikariPool-1 - Closed.
[INFO] [2016-05-27 12:18:56][org.springframework.test.context.support.DefaultTestContextBootstrapper]Loaded default TestExecutionListener class names from location [META-INF/spring.factories]: [org.springframework.test.context.web.ServletTestExecutionListener, org.springframework.test.context.support.DirtiesContextBeforeModesTestExecutionListener, org.springframework.test.context.support.DependencyInjectionTestExecutionListener, org.springframework.test.context.support.DirtiesContextTestExecutionListener, org.springframework.test.context.transaction.TransactionalTestExecutionListener, org.springframework.test.context.jdbc.SqlScriptsTestExecutionListener]
[INFO] [2016-05-27 12:18:56][org.springframework.test.context.support.DefaultTestContextBootstrapper]Using TestExecutionListeners: [org.springframework.test.context.web.ServletTestExecutionListener@5622fdf, org.springframework.test.context.support.DirtiesContextBeforeModesTestExecutionListener@4883b407, org.springframework.test.context.support.DependencyInjectionTestExecutionListener@7d9d1a19, org.springframework.test.context.support.DirtiesContextTestExecutionListener@39c0f4a, org.springframework.test.context.transaction.TransactionalTestExecutionListener@1794d431, org.springframework.test.context.jdbc.SqlScriptsTestExecutionListener@42e26948]
[INFO] [2016-05-27 12:18:56][org.springframework.beans.factory.xml.XmlBeanDefinitionReader]Loading XML bean definitions from class path resource [spring-mybatis.xml]
[INFO] [2016-05-27 12:18:57][org.springframework.context.support.GenericApplicationContext]Refreshing org.springframework.context.support.GenericApplicationContext@6536e911: startup date [Fri May 27 12:18:57 GMT+08:00 2016]; root of context hierarchy
[INFO] [2016-05-27 12:18:57][org.springframework.beans.factory.config.PropertyPlaceholderConfigurer]Loading properties file from class path resource [jdbc.properties]
[INFO] [2016-05-27 12:18:57][org.springframework.beans.factory.annotation.AutowiredAnnotationBeanPostProcessor]JSR-330 'javax.inject.Inject' annotation found and supported for autowiring
[INFO] [2016-05-27 12:18:58][com.zaxxer.hikari.HikariDataSource]HikariPool-1 - Started.
[INFO] [2016-05-27 12:18:59][com.hyj.dao.PostMapperTest]{"createTime":1464404074000,"creatorId":1,"id":2,"modifyTime":1464404079000,"tag":1,"title":"没有男朋友是一种怎样的体验"}
[INFO] [2016-05-27 12:18:59][org.springframework.context.support.GenericApplicationContext]Closing org.springframework.context.support.GenericApplicationContext@6536e911: startup date [Fri May 27 12:18:57 GMT+08:00 2016]; root of context hierarchy
[INFO] [2016-05-27 12:18:59][com.zaxxer.hikari.pool.HikariPool]HikariPool-1 - Close initiated...
[INFO] [2016-05-27 12:18:59][com.zaxxer.hikari.pool.HikariPool]HikariPool-1 - Closed.
[INFO] [2016-05-27 13:01:23][org.springframework.test.context.support.DefaultTestContextBootstrapper]Loaded default TestExecutionListener class names from location [META-INF/spring.factories]: [org.springframework.test.context.web.ServletTestExecutionListener, org.springframework.test.context.support.DirtiesContextBeforeModesTestExecutionListener, org.springframework.test.context.support.DependencyInjectionTestExecutionListener, org.springframework.test.context.support.DirtiesContextTestExecutionListener, org.springframework.test.context.transaction.TransactionalTestExecutionListener, org.springframework.test.context.jdbc.SqlScriptsTestExecutionListener]
[INFO] [2016-05-27 13:01:23][org.springframework.test.context.support.DefaultTestContextBootstrapper]Using TestExecutionListeners: [org.springframework.test.context.web.ServletTestExecutionListener@5622fdf, org.springframework.test.context.support.DirtiesContextBeforeModesTestExecutionListener@4883b407, org.springframework.test.context.support.DependencyInjectionTestExecutionListener@7d9d1a19, org.springframework.test.context.support.DirtiesContextTestExecutionListener@39c0f4a, org.springframework.test.context.transaction.TransactionalTestExecutionListener@1794d431, org.springframework.test.context.jdbc.SqlScriptsTestExecutionListener@42e26948]
[INFO] [2016-05-27 13:01:23][org.springframework.beans.factory.xml.XmlBeanDefinitionReader]Loading XML bean definitions from class path resource [spring-mybatis.xml]
[INFO] [2016-05-27 13:01:24][org.springframework.context.support.GenericApplicationContext]Refreshing org.springframework.context.support.GenericApplicationContext@6536e911: startup date [Fri May 27 13:01:24 GMT+08:00 2016]; root of context hierarchy
[INFO] [2016-05-27 13:01:24][org.springframework.beans.factory.config.PropertyPlaceholderConfigurer]Loading properties file from class path resource [jdbc.properties]
[INFO] [2016-05-27 13:01:24][org.springframework.beans.factory.annotation.AutowiredAnnotationBeanPostProcessor]JSR-330 'javax.inject.Inject' annotation found and supported for autowiring
[INFO] [2016-05-27 13:01:25][com.zaxxer.hikari.HikariDataSource]HikariPool-1 - Started.
[INFO] [2016-05-27 13:01:26][com.hyj.dao.PostMapperTest][{"createTime":1464404074000,"creatorId":1,"id":2,"modifyTime":1464404079000,"tag":1,"title":"没有男朋友是一种怎样的体验"},{"createTime":1464317480000,"creatorId":3,"id":1,"modifyTime":1464317482000,"tag":1,"title":"没有女朋友是一种怎样的体验"},{"createTime":1425005967000,"creatorId":2,"id":3,"modifyTime":1425005967000,"tag":2,"title":"哈哈哈的体验"}]
[INFO] [2016-05-27 13:01:26][org.springframework.context.support.GenericApplicationContext]Closing org.springframework.context.support.GenericApplicationContext@6536e911: startup date [Fri May 27 13:01:24 GMT+08:00 2016]; root of context hierarchy
[INFO] [2016-05-27 13:01:26][com.zaxxer.hikari.pool.HikariPool]HikariPool-1 - Close initiated...
[INFO] [2016-05-27 13:01:26][com.zaxxer.hikari.pool.HikariPool]HikariPool-1 - Closed.
[INFO] [2016-05-27 13:18:41][org.springframework.test.context.support.DefaultTestContextBootstrapper]Loaded default TestExecutionListener class names from location [META-INF/spring.factories]: [org.springframework.test.context.web.ServletTestExecutionListener, org.springframework.test.context.support.DirtiesContextBeforeModesTestExecutionListener, org.springframework.test.context.support.DependencyInjectionTestExecutionListener, org.springframework.test.context.support.DirtiesContextTestExecutionListener, org.springframework.test.context.transaction.TransactionalTestExecutionListener, org.springframework.test.context.jdbc.SqlScriptsTestExecutionListener]
[INFO] [2016-05-27 13:18:41][org.springframework.test.context.support.DefaultTestContextBootstrapper]Using TestExecutionListeners: [org.springframework.test.context.web.ServletTestExecutionListener@5622fdf, org.springframework.test.context.support.DirtiesContextBeforeModesTestExecutionListener@4883b407, org.springframework.test.context.support.DependencyInjectionTestExecutionListener@7d9d1a19, org.springframework.test.context.support.DirtiesContextTestExecutionListener@39c0f4a, org.springframework.test.context.transaction.TransactionalTestExecutionListener@1794d431, org.springframework.test.context.jdbc.SqlScriptsTestExecutionListener@42e26948]
[INFO] [2016-05-27 13:18:41][org.springframework.beans.factory.xml.XmlBeanDefinitionReader]Loading XML bean definitions from class path resource [spring-mybatis.xml]
[INFO] [2016-05-27 13:18:41][org.springframework.context.support.GenericApplicationContext]Refreshing org.springframework.context.support.GenericApplicationContext@6536e911: startup date [Fri May 27 13:18:41 GMT+08:00 2016]; root of context hierarchy
[INFO] [2016-05-27 13:18:42][org.springframework.beans.factory.config.PropertyPlaceholderConfigurer]Loading properties file from class path resource [jdbc.properties]
[INFO] [2016-05-27 13:18:42][org.springframework.beans.factory.annotation.AutowiredAnnotationBeanPostProcessor]JSR-330 'javax.inject.Inject' annotation found and supported for autowiring
[INFO] [2016-05-27 13:18:43][com.zaxxer.hikari.HikariDataSource]HikariPool-1 - Started.
[INFO] [2016-05-27 13:18:43][com.hyj.dao.FloorMapperTest][{"accountId":1,"createTime":1464319198000,"detail":"谁发的发是否","id":1,"isReply":false,"levelNum":1,"postId":1,"replyFloorId":1},{"accountId":1,"createTime":1464751252000,"detail":"adf阿道夫","id":3,"isReply":false,"levelNum":3,"postId":1,"replyFloorId":1}]
[INFO] [2016-05-27 13:18:43][org.springframework.context.support.GenericApplicationContext]Closing org.springframework.context.support.GenericApplicationContext@6536e911: startup date [Fri May 27 13:18:41 GMT+08:00 2016]; root of context hierarchy
[INFO] [2016-05-27 13:18:43][com.zaxxer.hikari.pool.HikariPool]HikariPool-1 - Close initiated...
[INFO] [2016-05-27 13:18:43][com.zaxxer.hikari.pool.HikariPool]HikariPool-1 - Closed.
[INFO] [2016-05-27 13:21:29][org.springframework.test.context.support.DefaultTestContextBootstrapper]Loaded default TestExecutionListener class names from location [META-INF/spring.factories]: [org.springframework.test.context.web.ServletTestExecutionListener, org.springframework.test.context.support.DirtiesContextBeforeModesTestExecutionListener, org.springframework.test.context.support.DependencyInjectionTestExecutionListener, org.springframework.test.context.support.DirtiesContextTestExecutionListener, org.springframework.test.context.transaction.TransactionalTestExecutionListener, org.springframework.test.context.jdbc.SqlScriptsTestExecutionListener]
[INFO] [2016-05-27 13:21:29][org.springframework.test.context.support.DefaultTestContextBootstrapper]Using TestExecutionListeners: [org.springframework.test.context.web.ServletTestExecutionListener@5622fdf, org.springframework.test.context.support.DirtiesContextBeforeModesTestExecutionListener@4883b407, org.springframework.test.context.support.DependencyInjectionTestExecutionListener@7d9d1a19, org.springframework.test.context.support.DirtiesContextTestExecutionListener@39c0f4a, org.springframework.test.context.transaction.TransactionalTestExecutionListener@1794d431, org.springframework.test.context.jdbc.SqlScriptsTestExecutionListener@42e26948]
[INFO] [2016-05-27 13:21:29][org.springframework.beans.factory.xml.XmlBeanDefinitionReader]Loading XML bean definitions from class path resource [spring-mybatis.xml]
[INFO] [2016-05-27 13:21:30][org.springframework.context.support.GenericApplicationContext]Refreshing org.springframework.context.support.GenericApplicationContext@6536e911: startup date [Fri May 27 13:21:30 GMT+08:00 2016]; root of context hierarchy
[INFO] [2016-05-27 13:21:30][org.springframework.beans.factory.config.PropertyPlaceholderConfigurer]Loading properties file from class path resource [jdbc.properties]
[INFO] [2016-05-27 13:21:30][org.springframework.beans.factory.annotation.AutowiredAnnotationBeanPostProcessor]JSR-330 'javax.inject.Inject' annotation found and supported for autowiring
[INFO] [2016-05-27 13:21:31][com.zaxxer.hikari.HikariDataSource]HikariPool-1 - Started.
[INFO] [2016-05-27 13:21:32][com.hyj.service.impl.PostServiceImplTest][{"createTime":"2小时前","detail":"谁发的发是否","nickname":"55.793","reply":false,"replyWho":"55.793"},{"createTime":"2016-06-01 11:20","detail":"adf阿道夫","nickname":"黄勇进","reply":false,"replyWho":"55.793"}]
[INFO] [2016-05-27 13:21:32][org.springframework.context.support.GenericApplicationContext]Closing org.springframework.context.support.GenericApplicationContext@6536e911: startup date [Fri May 27 13:21:30 GMT+08:00 2016]; root of context hierarchy
[INFO] [2016-05-27 13:21:32][com.zaxxer.hikari.pool.HikariPool]HikariPool-1 - Close initiated...
[INFO] [2016-05-27 13:21:32][com.zaxxer.hikari.pool.HikariPool]HikariPool-1 - Closed.
[INFO] [2016-05-27 13:47:44][org.springframework.test.context.support.DefaultTestContextBootstrapper]Loaded default TestExecutionListener class names from location [META-INF/spring.factories]: [org.springframework.test.context.web.ServletTestExecutionListener, org.springframework.test.context.support.DirtiesContextBeforeModesTestExecutionListener, org.springframework.test.context.support.DependencyInjectionTestExecutionListener, org.springframework.test.context.support.DirtiesContextTestExecutionListener, org.springframework.test.context.transaction.TransactionalTestExecutionListener, org.springframework.test.context.jdbc.SqlScriptsTestExecutionListener]
[INFO] [2016-05-27 13:47:44][org.springframework.test.context.support.DefaultTestContextBootstrapper]Using TestExecutionListeners: [org.springframework.test.context.web.ServletTestExecutionListener@5622fdf, org.springframework.test.context.support.DirtiesContextBeforeModesTestExecutionListener@4883b407, org.springframework.test.context.support.DependencyInjectionTestExecutionListener@7d9d1a19, org.springframework.test.context.support.DirtiesContextTestExecutionListener@39c0f4a, org.springframework.test.context.transaction.TransactionalTestExecutionListener@1794d431, org.springframework.test.context.jdbc.SqlScriptsTestExecutionListener@42e26948]
[INFO] [2016-05-27 13:47:44][org.springframework.beans.factory.xml.XmlBeanDefinitionReader]Loading XML bean definitions from class path resource [spring-mybatis.xml]
[INFO] [2016-05-27 13:47:45][org.springframework.context.support.GenericApplicationContext]Refreshing org.springframework.context.support.GenericApplicationContext@6536e911: startup date [Fri May 27 13:47:45 GMT+08:00 2016]; root of context hierarchy
[INFO] [2016-05-27 13:47:45][org.springframework.beans.factory.config.PropertyPlaceholderConfigurer]Loading properties file from class path resource [jdbc.properties]
[INFO] [2016-05-27 13:47:45][org.springframework.beans.factory.annotation.AutowiredAnnotationBeanPostProcessor]JSR-330 'javax.inject.Inject' annotation found and supported for autowiring
[INFO] [2016-05-27 13:47:46][org.springframework.context.support.GenericApplicationContext]Closing org.springframework.context.support.GenericApplicationContext@6536e911: startup date [Fri May 27 13:47:45 GMT+08:00 2016]; root of context hierarchy
[INFO] [2016-05-27 13:49:08][org.springframework.test.context.support.DefaultTestContextBootstrapper]Loaded default TestExecutionListener class names from location [META-INF/spring.factories]: [org.springframework.test.context.web.ServletTestExecutionListener, org.springframework.test.context.support.DirtiesContextBeforeModesTestExecutionListener, org.springframework.test.context.support.DependencyInjectionTestExecutionListener, org.springframework.test.context.support.DirtiesContextTestExecutionListener, org.springframework.test.context.transaction.TransactionalTestExecutionListener, org.springframework.test.context.jdbc.SqlScriptsTestExecutionListener]
[INFO] [2016-05-27 13:49:08][org.springframework.test.context.support.DefaultTestContextBootstrapper]Using TestExecutionListeners: [org.springframework.test.context.web.ServletTestExecutionListener@5622fdf, org.springframework.test.context.support.DirtiesContextBeforeModesTestExecutionListener@4883b407, org.springframework.test.context.support.DependencyInjectionTestExecutionListener@7d9d1a19, org.springframework.test.context.support.DirtiesContextTestExecutionListener@39c0f4a, org.springframework.test.context.transaction.TransactionalTestExecutionListener@1794d431, org.springframework.test.context.jdbc.SqlScriptsTestExecutionListener@42e26948]
[INFO] [2016-05-27 13:49:08][org.springframework.beans.factory.xml.XmlBeanDefinitionReader]Loading XML bean definitions from class path resource [spring-mybatis.xml]
[INFO] [2016-05-27 13:49:08][org.springframework.context.support.GenericApplicationContext]Refreshing org.springframework.context.support.GenericApplicationContext@6536e911: startup date [Fri May 27 13:49:08 GMT+08:00 2016]; root of context hierarchy
[INFO] [2016-05-27 13:49:09][org.springframework.beans.factory.config.PropertyPlaceholderConfigurer]Loading properties file from class path resource [jdbc.properties]
[INFO] [2016-05-27 13:49:09][org.springframework.beans.factory.annotation.AutowiredAnnotationBeanPostProcessor]JSR-330 'javax.inject.Inject' annotation found and supported for autowiring
[INFO] [2016-05-27 13:49:10][org.springframework.context.support.GenericApplicationContext]Closing org.springframework.context.support.GenericApplicationContext@6536e911: startup date [Fri May 27 13:49:08 GMT+08:00 2016]; root of context hierarchy
[INFO] [2016-05-27 13:50:10][org.springframework.test.context.support.DefaultTestContextBootstrapper]Loaded default TestExecutionListener class names from location [META-INF/spring.factories]: [org.springframework.test.context.web.ServletTestExecutionListener, org.springframework.test.context.support.DirtiesContextBeforeModesTestExecutionListener, org.springframework.test.context.support.DependencyInjectionTestExecutionListener, org.springframework.test.context.support.DirtiesContextTestExecutionListener, org.springframework.test.context.transaction.TransactionalTestExecutionListener, org.springframework.test.context.jdbc.SqlScriptsTestExecutionListener]
[INFO] [2016-05-27 13:50:10][org.springframework.test.context.support.DefaultTestContextBootstrapper]Using TestExecutionListeners: [org.springframework.test.context.web.ServletTestExecutionListener@5622fdf, org.springframework.test.context.support.DirtiesContextBeforeModesTestExecutionListener@4883b407, org.springframework.test.context.support.DependencyInjectionTestExecutionListener@7d9d1a19, org.springframework.test.context.support.DirtiesContextTestExecutionListener@39c0f4a, org.springframework.test.context.transaction.TransactionalTestExecutionListener@1794d431, org.springframework.test.context.jdbc.SqlScriptsTestExecutionListener@42e26948]
[INFO] [2016-05-27 13:50:10][org.springframework.beans.factory.xml.XmlBeanDefinitionReader]Loading XML bean definitions from class path resource [spring-mybatis.xml]
[INFO] [2016-05-27 13:50:11][org.springframework.context.support.GenericApplicationContext]Refreshing org.springframework.context.support.GenericApplicationContext@6536e911: startup date [Fri May 27 13:50:11 GMT+08:00 2016]; root of context hierarchy
[INFO] [2016-05-27 13:50:11][org.springframework.beans.factory.config.PropertyPlaceholderConfigurer]Loading properties file from class path resource [jdbc.properties]
[INFO] [2016-05-27 13:50:11][org.springframework.beans.factory.annotation.AutowiredAnnotationBeanPostProcessor]JSR-330 'javax.inject.Inject' annotation found and supported for autowiring
[INFO] [2016-05-27 13:50:12][com.zaxxer.hikari.HikariDataSource]HikariPool-1 - Started.
[INFO] [2016-05-27 13:50:13][com.hyj.dao.FloorMapperTest][]
[INFO] [2016-05-27 13:50:13][org.springframework.context.support.GenericApplicationContext]Closing org.springframework.context.support.GenericApplicationContext@6536e911: startup date [Fri May 27 13:50:11 GMT+08:00 2016]; root of context hierarchy
[INFO] [2016-05-27 13:50:13][com.zaxxer.hikari.pool.HikariPool]HikariPool-1 - Close initiated...
[INFO] [2016-05-27 13:50:13][com.zaxxer.hikari.pool.HikariPool]HikariPool-1 - Closed.
[INFO] [2016-05-27 13:50:33][org.springframework.test.context.support.DefaultTestContextBootstrapper]Loaded default TestExecutionListener class names from location [META-INF/spring.factories]: [org.springframework.test.context.web.ServletTestExecutionListener, org.springframework.test.context.support.DirtiesContextBeforeModesTestExecutionListener, org.springframework.test.context.support.DependencyInjectionTestExecutionListener, org.springframework.test.context.support.DirtiesContextTestExecutionListener, org.springframework.test.context.transaction.TransactionalTestExecutionListener, org.springframework.test.context.jdbc.SqlScriptsTestExecutionListener]
[INFO] [2016-05-27 13:50:33][org.springframework.test.context.support.DefaultTestContextBootstrapper]Using TestExecutionListeners: [org.springframework.test.context.web.ServletTestExecutionListener@5622fdf, org.springframework.test.context.support.DirtiesContextBeforeModesTestExecutionListener@4883b407, org.springframework.test.context.support.DependencyInjectionTestExecutionListener@7d9d1a19, org.springframework.test.context.support.DirtiesContextTestExecutionListener@39c0f4a, org.springframework.test.context.transaction.TransactionalTestExecutionListener@1794d431, org.springframework.test.context.jdbc.SqlScriptsTestExecutionListener@42e26948]
[INFO] [2016-05-27 13:50:34][org.springframework.beans.factory.xml.XmlBeanDefinitionReader]Loading XML bean definitions from class path resource [spring-mybatis.xml]
[INFO] [2016-05-27 13:50:34][org.springframework.context.support.GenericApplicationContext]Refreshing org.springframework.context.support.GenericApplicationContext@6536e911: startup date [Fri May 27 13:50:34 GMT+08:00 2016]; root of context hierarchy
[INFO] [2016-05-27 13:50:34][org.springframework.beans.factory.config.PropertyPlaceholderConfigurer]Loading properties file from class path resource [jdbc.properties]
[INFO] [2016-05-27 13:50:34][org.springframework.beans.factory.annotation.AutowiredAnnotationBeanPostProcessor]JSR-330 'javax.inject.Inject' annotation found and supported for autowiring
[INFO] [2016-05-27 13:50:36][com.zaxxer.hikari.HikariDataSource]HikariPool-1 - Started.
[INFO] [2016-05-27 13:50:36][com.hyj.dao.FloorMapperTest][{"accountId":1,"createTime":1464751252000,"detail":"adf阿道夫","id":3,"isReply":true,"levelNum":3,"postId":1,"replyFloorId":1},{"accountId":1,"createTime":1464405622000,"detail":"867686867686867686867686867686867686阿发水电费","id":2,"isReply":true,"levelNum":2,"postId":2,"replyFloorId":1},{"accountId":1,"createTime":1464319198000,"detail":"谁发的发是否","id":1,"isReply":true,"levelNum":1,"postId":1,"replyFloorId":1}]
[INFO] [2016-05-27 13:50:36][org.springframework.context.support.GenericApplicationContext]Closing org.springframework.context.support.GenericApplicationContext@6536e911: startup date [Fri May 27 13:50:34 GMT+08:00 2016]; root of context hierarchy
[INFO] [2016-05-27 13:50:36][com.zaxxer.hikari.pool.HikariPool]HikariPool-1 - Close initiated...
[INFO] [2016-05-27 13:50:36][com.zaxxer.hikari.pool.HikariPool]HikariPool-1 - Closed.
[INFO] [2016-05-27 13:57:15][org.springframework.test.context.support.DefaultTestContextBootstrapper]Loaded default TestExecutionListener class names from location [META-INF/spring.factories]: [org.springframework.test.context.web.ServletTestExecutionListener, org.springframework.test.context.support.DirtiesContextBeforeModesTestExecutionListener, org.springframework.test.context.support.DependencyInjectionTestExecutionListener, org.springframework.test.context.support.DirtiesContextTestExecutionListener, org.springframework.test.context.transaction.TransactionalTestExecutionListener, org.springframework.test.context.jdbc.SqlScriptsTestExecutionListener]
[INFO] [2016-05-27 13:57:15][org.springframework.test.context.support.DefaultTestContextBootstrapper]Using TestExecutionListeners: [org.springframework.test.context.web.ServletTestExecutionListener@5622fdf, org.springframework.test.context.support.DirtiesContextBeforeModesTestExecutionListener@4883b407, org.springframework.test.context.support.DependencyInjectionTestExecutionListener@7d9d1a19, org.springframework.test.context.support.DirtiesContextTestExecutionListener@39c0f4a, org.springframework.test.context.transaction.TransactionalTestExecutionListener@1794d431, org.springframework.test.context.jdbc.SqlScriptsTestExecutionListener@42e26948]
[INFO] [2016-05-27 13:57:15][org.springframework.beans.factory.xml.XmlBeanDefinitionReader]Loading XML bean definitions from class path resource [spring-mybatis.xml]
[INFO] [2016-05-27 13:57:16][org.springframework.context.support.GenericApplicationContext]Refreshing org.springframework.context.support.GenericApplicationContext@6536e911: startup date [Fri May 27 13:57:16 GMT+08:00 2016]; root of context hierarchy
[INFO] [2016-05-27 13:57:16][org.springframework.beans.factory.config.PropertyPlaceholderConfigurer]Loading properties file from class path resource [jdbc.properties]
[INFO] [2016-05-27 13:57:16][org.springframework.beans.factory.annotation.AutowiredAnnotationBeanPostProcessor]JSR-330 'javax.inject.Inject' annotation found and supported for autowiring
[INFO] [2016-05-27 13:57:18][com.zaxxer.hikari.HikariDataSource]HikariPool-1 - Started.
[INFO] [2016-05-27 13:57:18][com.hyj.service.impl.PostServiceImplTest][]
[INFO] [2016-05-27 13:57:18][org.springframework.context.support.GenericApplicationContext]Closing org.springframework.context.support.GenericApplicationContext@6536e911: startup date [Fri May 27 13:57:16 GMT+08:00 2016]; root of context hierarchy
[INFO] [2016-05-27 13:57:18][com.zaxxer.hikari.pool.HikariPool]HikariPool-1 - Close initiated...
[INFO] [2016-05-27 13:57:18][com.zaxxer.hikari.pool.HikariPool]HikariPool-1 - Closed.
[INFO] [2016-05-27 13:57:47][org.springframework.test.context.support.DefaultTestContextBootstrapper]Loaded default TestExecutionListener class names from location [META-INF/spring.factories]: [org.springframework.test.context.web.ServletTestExecutionListener, org.springframework.test.context.support.DirtiesContextBeforeModesTestExecutionListener, org.springframework.test.context.support.DependencyInjectionTestExecutionListener, org.springframework.test.context.support.DirtiesContextTestExecutionListener, org.springframework.test.context.transaction.TransactionalTestExecutionListener, org.springframework.test.context.jdbc.SqlScriptsTestExecutionListener]
[INFO] [2016-05-27 13:57:47][org.springframework.test.context.support.DefaultTestContextBootstrapper]Using TestExecutionListeners: [org.springframework.test.context.web.ServletTestExecutionListener@5622fdf, org.springframework.test.context.support.DirtiesContextBeforeModesTestExecutionListener@4883b407, org.springframework.test.context.support.DependencyInjectionTestExecutionListener@7d9d1a19, org.springframework.test.context.support.DirtiesContextTestExecutionListener@39c0f4a, org.springframework.test.context.transaction.TransactionalTestExecutionListener@1794d431, org.springframework.test.context.jdbc.SqlScriptsTestExecutionListener@42e26948]
[INFO] [2016-05-27 13:57:47][org.springframework.beans.factory.xml.XmlBeanDefinitionReader]Loading XML bean definitions from class path resource [spring-mybatis.xml]
[INFO] [2016-05-27 13:57:48][org.springframework.context.support.GenericApplicationContext]Refreshing org.springframework.context.support.GenericApplicationContext@6536e911: startup date [Fri May 27 13:57:48 GMT+08:00 2016]; root of context hierarchy
[INFO] [2016-05-27 13:57:48][org.springframework.beans.factory.config.PropertyPlaceholderConfigurer]Loading properties file from class path resource [jdbc.properties]
[INFO] [2016-05-27 13:57:48][org.springframework.beans.factory.annotation.AutowiredAnnotationBeanPostProcessor]JSR-330 'javax.inject.Inject' annotation found and supported for autowiring
[INFO] [2016-05-27 13:57:49][com.zaxxer.hikari.HikariDataSource]HikariPool-1 - Started.
[INFO] [2016-05-27 13:57:50][com.hyj.service.impl.PostServiceImplTest][{"commentNum":1,"createTime":"刚刚","postId":2,"tag":"学习","title":"没有男朋友是一种怎样的体验"},{"commentNum":2,"createTime":"刚刚","postId":1,"tag":"学习","title":"没有女朋友是一种怎样的体验"},{"commentNum":0,"createTime":"刚刚","postId":3,"tag":"情感","title":"哈哈哈的体验"}]
[INFO] [2016-05-27 13:57:50][org.springframework.context.support.GenericApplicationContext]Closing org.springframework.context.support.GenericApplicationContext@6536e911: startup date [Fri May 27 13:57:48 GMT+08:00 2016]; root of context hierarchy
[INFO] [2016-05-27 13:57:50][com.zaxxer.hikari.pool.HikariPool]HikariPool-1 - Close initiated...
[INFO] [2016-05-27 13:57:50][com.zaxxer.hikari.pool.HikariPool]HikariPool-1 - Closed.
[INFO] [2016-05-27 13:58:00][org.springframework.test.context.support.DefaultTestContextBootstrapper]Loaded default TestExecutionListener class names from location [META-INF/spring.factories]: [org.springframework.test.context.web.ServletTestExecutionListener, org.springframework.test.context.support.DirtiesContextBeforeModesTestExecutionListener, org.springframework.test.context.support.DependencyInjectionTestExecutionListener, org.springframework.test.context.support.DirtiesContextTestExecutionListener, org.springframework.test.context.transaction.TransactionalTestExecutionListener, org.springframework.test.context.jdbc.SqlScriptsTestExecutionListener]
[INFO] [2016-05-27 13:58:00][org.springframework.test.context.support.DefaultTestContextBootstrapper]Using TestExecutionListeners: [org.springframework.test.context.web.ServletTestExecutionListener@5622fdf, org.springframework.test.context.support.DirtiesContextBeforeModesTestExecutionListener@4883b407, org.springframework.test.context.support.DependencyInjectionTestExecutionListener@7d9d1a19, org.springframework.test.context.support.DirtiesContextTestExecutionListener@39c0f4a, org.springframework.test.context.transaction.TransactionalTestExecutionListener@1794d431, org.springframework.test.context.jdbc.SqlScriptsTestExecutionListener@42e26948]
[INFO] [2016-05-27 13:58:01][org.springframework.beans.factory.xml.XmlBeanDefinitionReader]Loading XML bean definitions from class path resource [spring-mybatis.xml]
[INFO] [2016-05-27 13:58:01][org.springframework.context.support.GenericApplicationContext]Refreshing org.springframework.context.support.GenericApplicationContext@6536e911: startup date [Fri May 27 13:58:01 GMT+08:00 2016]; root of context hierarchy
[INFO] [2016-05-27 13:58:01][org.springframework.beans.factory.config.PropertyPlaceholderConfigurer]Loading properties file from class path resource [jdbc.properties]
[INFO] [2016-05-27 13:58:01][org.springframework.beans.factory.annotation.AutowiredAnnotationBeanPostProcessor]JSR-330 'javax.inject.Inject' annotation found and supported for autowiring
[INFO] [2016-05-27 13:58:02][com.zaxxer.hikari.HikariDataSource]HikariPool-1 - Started.
[INFO] [2016-05-27 13:58:03][com.hyj.service.impl.PostServiceImplTest][{"createTime":"2小时前","detail":"谁发的发是否","nickname":"55.793","reply":true,"replyWho":"55.793"},{"createTime":"2016-06-01 11:20","detail":"adf阿道夫","nickname":"黄勇进","reply":true,"replyWho":"55.793"}]
[INFO] [2016-05-27 13:58:03][org.springframework.context.support.GenericApplicationContext]Closing org.springframework.context.support.GenericApplicationContext@6536e911: startup date [Fri May 27 13:58:01 GMT+08:00 2016]; root of context hierarchy
[INFO] [2016-05-27 13:58:03][com.zaxxer.hikari.pool.HikariPool]HikariPool-1 - Close initiated...
[INFO] [2016-05-27 13:58:03][com.zaxxer.hikari.pool.HikariPool]HikariPool-1 - Closed.
[INFO] [2016-05-27 13:58:18][org.springframework.test.context.support.DefaultTestContextBootstrapper]Loaded default TestExecutionListener class names from location [META-INF/spring.factories]: [org.springframework.test.context.web.ServletTestExecutionListener, org.springframework.test.context.support.DirtiesContextBeforeModesTestExecutionListener, org.springframework.test.context.support.DependencyInjectionTestExecutionListener, org.springframework.test.context.support.DirtiesContextTestExecutionListener, org.springframework.test.context.transaction.TransactionalTestExecutionListener, org.springframework.test.context.jdbc.SqlScriptsTestExecutionListener]
[INFO] [2016-05-27 13:58:18][org.springframework.test.context.support.DefaultTestContextBootstrapper]Using TestExecutionListeners: [org.springframework.test.context.web.ServletTestExecutionListener@5622fdf, org.springframework.test.context.support.DirtiesContextBeforeModesTestExecutionListener@4883b407, org.springframework.test.context.support.DependencyInjectionTestExecutionListener@7d9d1a19, org.springframework.test.context.support.DirtiesContextTestExecutionListener@39c0f4a, org.springframework.test.context.transaction.TransactionalTestExecutionListener@1794d431, org.springframework.test.context.jdbc.SqlScriptsTestExecutionListener@42e26948]
[INFO] [2016-05-27 13:58:18][org.springframework.beans.factory.xml.XmlBeanDefinitionReader]Loading XML bean definitions from class path resource [spring-mybatis.xml]
[INFO] [2016-05-27 13:58:18][org.springframework.context.support.GenericApplicationContext]Refreshing org.springframework.context.support.GenericApplicationContext@6536e911: startup date [Fri May 27 13:58:18 GMT+08:00 2016]; root of context hierarchy
[INFO] [2016-05-27 13:58:19][org.springframework.beans.factory.config.PropertyPlaceholderConfigurer]Loading properties file from class path resource [jdbc.properties]
[INFO] [2016-05-27 13:58:19][org.springframework.beans.factory.annotation.AutowiredAnnotationBeanPostProcessor]JSR-330 'javax.inject.Inject' annotation found and supported for autowiring
[INFO] [2016-05-27 13:58:20][com.zaxxer.hikari.HikariDataSource]HikariPool-1 - Started.
[INFO] [2016-05-27 13:58:20][com.hyj.service.impl.PostServiceImplTest][]
[INFO] [2016-05-27 13:58:20][org.springframework.context.support.GenericApplicationContext]Closing org.springframework.context.support.GenericApplicationContext@6536e911: startup date [Fri May 27 13:58:18 GMT+08:00 2016]; root of context hierarchy
[INFO] [2016-05-27 13:58:20][com.zaxxer.hikari.pool.HikariPool]HikariPool-1 - Close initiated...
[INFO] [2016-05-27 13:58:20][com.zaxxer.hikari.pool.HikariPool]HikariPool-1 - Closed.
[INFO] [2016-05-27 13:58:50][org.springframework.test.context.support.DefaultTestContextBootstrapper]Loaded default TestExecutionListener class names from location [META-INF/spring.factories]: [org.springframework.test.context.web.ServletTestExecutionListener, org.springframework.test.context.support.DirtiesContextBeforeModesTestExecutionListener, org.springframework.test.context.support.DependencyInjectionTestExecutionListener, org.springframework.test.context.support.DirtiesContextTestExecutionListener, org.springframework.test.context.transaction.TransactionalTestExecutionListener, org.springframework.test.context.jdbc.SqlScriptsTestExecutionListener]
[INFO] [2016-05-27 13:58:50][org.springframework.test.context.support.DefaultTestContextBootstrapper]Using TestExecutionListeners: [org.springframework.test.context.web.ServletTestExecutionListener@5622fdf, org.springframework.test.context.support.DirtiesContextBeforeModesTestExecutionListener@4883b407, org.springframework.test.context.support.DependencyInjectionTestExecutionListener@7d9d1a19, org.springframework.test.context.support.DirtiesContextTestExecutionListener@39c0f4a, org.springframework.test.context.transaction.TransactionalTestExecutionListener@1794d431, org.springframework.test.context.jdbc.SqlScriptsTestExecutionListener@42e26948]
[INFO] [2016-05-27 13:58:50][org.springframework.beans.factory.xml.XmlBeanDefinitionReader]Loading XML bean definitions from class path resource [spring-mybatis.xml]
[INFO] [2016-05-27 13:58:51][org.springframework.context.support.GenericApplicationContext]Refreshing org.springframework.context.support.GenericApplicationContext@6536e911: startup date [Fri May 27 13:58:51 GMT+08:00 2016]; root of context hierarchy
[INFO] [2016-05-27 13:58:51][org.springframework.beans.factory.config.PropertyPlaceholderConfigurer]Loading properties file from class path resource [jdbc.properties]
[INFO] [2016-05-27 13:58:51][org.springframework.beans.factory.annotation.AutowiredAnnotationBeanPostProcessor]JSR-330 'javax.inject.Inject' annotation found and supported for autowiring
[INFO] [2016-05-27 13:58:52][com.zaxxer.hikari.HikariDataSource]HikariPool-1 - Started.
[INFO] [2016-05-27 13:58:53][com.hyj.dao.FloorMapperTest][{"accountId":1,"createTime":1464751252000,"detail":"adf阿道夫","id":3,"isReply":true,"levelNum":3,"postId":1,"replyFloorId":1},{"accountId":1,"createTime":1464405622000,"detail":"867686867686867686867686867686867686阿发水电费","id":2,"isReply":true,"levelNum":2,"postId":2,"replyFloorId":1},{"accountId":1,"createTime":1464319198000,"detail":"谁发的发是否","id":1,"isReply":true,"levelNum":1,"postId":1,"replyFloorId":1}]
[INFO] [2016-05-27 13:58:53][org.springframework.context.support.GenericApplicationContext]Closing org.springframework.context.support.GenericApplicationContext@6536e911: startup date [Fri May 27 13:58:51 GMT+08:00 2016]; root of context hierarchy
[INFO] [2016-05-27 13:58:53][com.zaxxer.hikari.pool.HikariPool]HikariPool-1 - Close initiated...
[INFO] [2016-05-27 13:58:53][com.zaxxer.hikari.pool.HikariPool]HikariPool-1 - Closed.
[INFO] [2016-05-27 14:00:18][org.springframework.test.context.support.DefaultTestContextBootstrapper]Loaded default TestExecutionListener class names from location [META-INF/spring.factories]: [org.springframework.test.context.web.ServletTestExecutionListener, org.springframework.test.context.support.DirtiesContextBeforeModesTestExecutionListener, org.springframework.test.context.support.DependencyInjectionTestExecutionListener, org.springframework.test.context.support.DirtiesContextTestExecutionListener, org.springframework.test.context.transaction.TransactionalTestExecutionListener, org.springframework.test.context.jdbc.SqlScriptsTestExecutionListener]
[INFO] [2016-05-27 14:00:18][org.springframework.test.context.support.DefaultTestContextBootstrapper]Using TestExecutionListeners: [org.springframework.test.context.web.ServletTestExecutionListener@5622fdf, org.springframework.test.context.support.DirtiesContextBeforeModesTestExecutionListener@4883b407, org.springframework.test.context.support.DependencyInjectionTestExecutionListener@7d9d1a19, org.springframework.test.context.support.DirtiesContextTestExecutionListener@39c0f4a, org.springframework.test.context.transaction.TransactionalTestExecutionListener@1794d431, org.springframework.test.context.jdbc.SqlScriptsTestExecutionListener@42e26948]
[INFO] [2016-05-27 14:00:18][org.springframework.beans.factory.xml.XmlBeanDefinitionReader]Loading XML bean definitions from class path resource [spring-mybatis.xml]
[INFO] [2016-05-27 14:00:19][org.springframework.context.support.GenericApplicationContext]Refreshing org.springframework.context.support.GenericApplicationContext@6536e911: startup date [Fri May 27 14:00:19 GMT+08:00 2016]; root of context hierarchy
[INFO] [2016-05-27 14:00:19][org.springframework.beans.factory.config.PropertyPlaceholderConfigurer]Loading properties file from class path resource [jdbc.properties]
[INFO] [2016-05-27 14:00:19][org.springframework.beans.factory.annotation.AutowiredAnnotationBeanPostProcessor]JSR-330 'javax.inject.Inject' annotation found and supported for autowiring
[INFO] [2016-05-27 14:00:20][com.zaxxer.hikari.HikariDataSource]HikariPool-1 - Started.
[INFO] [2016-05-27 14:00:21][com.hyj.service.impl.PostServiceImplTest][{"createTime":"2016-06-01 11:20","postTitle":"没有女朋友是一种怎样的体验","who":"55.793"},{"createTime":"21小时前","postTitle":"没有男朋友是一种怎样的体验","who":"55.793"},{"createTime":"2小时前","postTitle":"没有女朋友是一种怎样的体验","who":"55.793"}]
[INFO] [2016-05-27 14:00:21][org.springframework.context.support.GenericApplicationContext]Closing org.springframework.context.support.GenericApplicationContext@6536e911: startup date [Fri May 27 14:00:19 GMT+08:00 2016]; root of context hierarchy
[INFO] [2016-05-27 14:00:21][com.zaxxer.hikari.pool.HikariPool]HikariPool-1 - Close initiated...
[INFO] [2016-05-27 14:00:21][com.zaxxer.hikari.pool.HikariPool]HikariPool-1 - Closed.
[INFO] [2016-05-27 14:00:37][org.springframework.test.context.support.DefaultTestContextBootstrapper]Loaded default TestExecutionListener class names from location [META-INF/spring.factories]: [org.springframework.test.context.web.ServletTestExecutionListener, org.springframework.test.context.support.DirtiesContextBeforeModesTestExecutionListener, org.springframework.test.context.support.DependencyInjectionTestExecutionListener, org.springframework.test.context.support.DirtiesContextTestExecutionListener, org.springframework.test.context.transaction.TransactionalTestExecutionListener, org.springframework.test.context.jdbc.SqlScriptsTestExecutionListener]
[INFO] [2016-05-27 14:00:37][org.springframework.test.context.support.DefaultTestContextBootstrapper]Using TestExecutionListeners: [org.springframework.test.context.web.ServletTestExecutionListener@5622fdf, org.springframework.test.context.support.DirtiesContextBeforeModesTestExecutionListener@4883b407, org.springframework.test.context.support.DependencyInjectionTestExecutionListener@7d9d1a19, org.springframework.test.context.support.DirtiesContextTestExecutionListener@39c0f4a, org.springframework.test.context.transaction.TransactionalTestExecutionListener@1794d431, org.springframework.test.context.jdbc.SqlScriptsTestExecutionListener@42e26948]
[INFO] [2016-05-27 14:00:37][org.springframework.beans.factory.xml.XmlBeanDefinitionReader]Loading XML bean definitions from class path resource [spring-mybatis.xml]
[INFO] [2016-05-27 14:00:38][org.springframework.context.support.GenericApplicationContext]Refreshing org.springframework.context.support.GenericApplicationContext@6536e911: startup date [Fri May 27 14:00:38 GMT+08:00 2016]; root of context hierarchy
[INFO] [2016-05-27 14:00:38][org.springframework.beans.factory.config.PropertyPlaceholderConfigurer]Loading properties file from class path resource [jdbc.properties]
[INFO] [2016-05-27 14:00:38][org.springframework.beans.factory.annotation.AutowiredAnnotationBeanPostProcessor]JSR-330 'javax.inject.Inject' annotation found and supported for autowiring
[INFO] [2016-05-27 14:00:39][com.zaxxer.hikari.HikariDataSource]HikariPool-1 - Started.
[INFO] [2016-05-27 14:00:40][com.hyj.service.impl.PostServiceImplTest][{"createTime":"2016-06-01 11:20","postTitle":"没有女朋友是一种怎样的体验","who":"55.793"},{"createTime":"2小时前","postTitle":"没有女朋友是一种怎样的体验","who":"55.793"}]
[INFO] [2016-05-27 14:00:40][org.springframework.context.support.GenericApplicationContext]Closing org.springframework.context.support.GenericApplicationContext@6536e911: startup date [Fri May 27 14:00:38 GMT+08:00 2016]; root of context hierarchy
[INFO] [2016-05-27 14:00:40][com.zaxxer.hikari.pool.HikariPool]HikariPool-1 - Close initiated...
[INFO] [2016-05-27 14:00:40][com.zaxxer.hikari.pool.HikariPool]HikariPool-1 - Closed.
[INFO] [2016-05-27 14:00:58][org.springframework.test.context.support.DefaultTestContextBootstrapper]Loaded default TestExecutionListener class names from location [META-INF/spring.factories]: [org.springframework.test.context.web.ServletTestExecutionListener, org.springframework.test.context.support.DirtiesContextBeforeModesTestExecutionListener, org.springframework.test.context.support.DependencyInjectionTestExecutionListener, org.springframework.test.context.support.DirtiesContextTestExecutionListener, org.springframework.test.context.transaction.TransactionalTestExecutionListener, org.springframework.test.context.jdbc.SqlScriptsTestExecutionListener]
[INFO] [2016-05-27 14:00:58][org.springframework.test.context.support.DefaultTestContextBootstrapper]Using TestExecutionListeners: [org.springframework.test.context.web.ServletTestExecutionListener@5622fdf, org.springframework.test.context.support.DirtiesContextBeforeModesTestExecutionListener@4883b407, org.springframework.test.context.support.DependencyInjectionTestExecutionListener@7d9d1a19, org.springframework.test.context.support.DirtiesContextTestExecutionListener@39c0f4a, org.springframework.test.context.transaction.TransactionalTestExecutionListener@1794d431, org.springframework.test.context.jdbc.SqlScriptsTestExecutionListener@42e26948]
[INFO] [2016-05-27 14:00:58][org.springframework.beans.factory.xml.XmlBeanDefinitionReader]Loading XML bean definitions from class path resource [spring-mybatis.xml]
[INFO] [2016-05-27 14:00:59][org.springframework.context.support.GenericApplicationContext]Refreshing org.springframework.context.support.GenericApplicationContext@6536e911: startup date [Fri May 27 14:00:59 GMT+08:00 2016]; root of context hierarchy
[INFO] [2016-05-27 14:00:59][org.springframework.beans.factory.config.PropertyPlaceholderConfigurer]Loading properties file from class path resource [jdbc.properties]
[INFO] [2016-05-27 14:00:59][org.springframework.beans.factory.annotation.AutowiredAnnotationBeanPostProcessor]JSR-330 'javax.inject.Inject' annotation found and supported for autowiring
[INFO] [2016-05-27 14:01:00][com.zaxxer.hikari.HikariDataSource]HikariPool-1 - Started.
[INFO] [2016-05-27 14:01:00][com.hyj.service.impl.PostServiceImplTest][{"createTime":"2016-06-01 11:20","postTitle":"没有女朋友是一种怎样的体验","who":"55.793"}]
[INFO] [2016-05-27 14:01:00][org.springframework.context.support.GenericApplicationContext]Closing org.springframework.context.support.GenericApplicationContext@6536e911: startup date [Fri May 27 14:00:59 GMT+08:00 2016]; root of context hierarchy
[INFO] [2016-05-27 14:01:00][com.zaxxer.hikari.pool.HikariPool]HikariPool-1 - Close initiated...
[INFO] [2016-05-27 14:01:00][com.zaxxer.hikari.pool.HikariPool]HikariPool-1 - Closed.
